2015-07-23 10:41:08 [::1][-][-][error][yii\base\InvalidConfigException] exception 'yii\base\InvalidConfigException' with message 'yii\web\Request::cookieValidationKey must be configured with a secret key.' in C:\xampp\htdocs\iweb\vendor\yiisoft\yii2\web\Request.php:1212
Stack trace:
#0 C:\xampp\htdocs\iweb\vendor\yiisoft\yii2\web\Request.php(1194): yii\web\Request->loadCookies()
#1 C:\xampp\htdocs\iweb\vendor\yiisoft\yii2\web\Request.php(1280): yii\web\Request->getCookies()
#2 C:\xampp\htdocs\iweb\vendor\yiisoft\yii2\web\Request.php(1259): yii\web\Request->loadCsrfToken()
#3 C:\xampp\htdocs\iweb\vendor\yiisoft\yii2\helpers\BaseHtml.php(273): yii\web\Request->getCsrfToken()
#4 C:\xampp\htdocs\iweb\views\layouts\main.php(19): yii\helpers\BaseHtml::csrfMetaTags()
#5 C:\xampp\htdocs\iweb\vendor\yiisoft\yii2\base\View.php(325): require('C:\\xampp\\htdocs...')
#6 C:\xampp\htdocs\iweb\vendor\yiisoft\yii2\base\View.php(247): yii\base\View->renderPhpFile('C:\\xampp\\htdocs...', Array)
#7 C:\xampp\htdocs\iweb\vendor\yiisoft\yii2\base\Controller.php(386): yii\base\View->renderFile('C:\\xampp\\htdocs...', Array, Object(app\controllers\SiteController))
#8 C:\xampp\htdocs\iweb\vendor\yiisoft\yii2\base\Controller.php(372): yii\base\Controller->renderContent('<div class="sit...')
#9 C:\xampp\htdocs\iweb\controllers\SiteController.php(52): yii\base\Controller->render('index')
#10 [internal function]: app\controllers\SiteController->actionIndex()
#11 C:\xampp\htdocs\iweb\vendor\yiisoft\yii2\base\InlineAction.php(55): call_user_func_array(Array, Array)
#12 C:\xampp\htdocs\iweb\vendor\yiisoft\yii2\base\Controller.php(151): yii\base\InlineAction->runWithParams(Array)
#13 C:\xampp\htdocs\iweb\vendor\yiisoft\yii2\base\Module.php(455): yii\base\Controller->runAction('', Array)
#14 C:\xampp\htdocs\iweb\vendor\yiisoft\yii2\web\Application.php(84): yii\base\Module->runAction('', Array)
#15 C:\xampp\htdocs\iweb\vendor\yiisoft\yii2\base\Application.php(375): yii\web\Application->handleRequest(Object(yii\web\Request))
#16 C:\xampp\htdocs\iweb\web\index.php(12): yii\base\Application->run()
#17 {main}
2015-07-23 10:41:07 [::1][-][-][info][application] $_COOKIE = [
    'KCFINDER_showname' => 'on'
    'KCFINDER_showsize' => 'off'
    'KCFINDER_showtime' => 'off'
    'KCFINDER_order' => 'name'
    'KCFINDER_orderDesc' => 'off'
    'KCFINDER_view' => 'thumbs'
    'KCFINDER_displaySettings' => 'off'
]

$_SERVER = [
    'MIBDIRS' => 'C:/xampp/php/extras/mibs'
    'MYSQL_HOME' => '\\xampp\\mysql\\bin'
    'OPENSSL_CONF' => 'C:/xampp/apache/bin/openssl.cnf'
    'PHP_PEAR_SYSCONF_DIR' => '\\xampp\\php'
    'PHPRC' => '\\xampp\\php'
    'TMP' => '\\xampp\\tmp'
    'HTTP_HOST' => 'localhost'
    'HTTP_CONNECTION' => 'keep-alive'
    'HTTP_ACCEPT' => 'text/html,application/xhtml+xml,application/xml;q=0.9,image/webp,*/*;q=0.8'
    'HTTP_USER_AGENT' => 'Mozilla/5.0 (Windows NT 10.0; WOW64) AppleWebKit/537.36 (KHTML, like Gecko) Chrome/44.0.2403.89 Safari/537.36'
    'HTTP_HTTPS' => '1'
    'HTTP_REFERER' => 'http://localhost/iweb/'
    'HTTP_ACCEPT_ENCODING' => 'gzip, deflate, sdch'
    'HTTP_ACCEPT_LANGUAGE' => 'th-TH,th;q=0.8,en;q=0.6,de;q=0.4'
    'HTTP_COOKIE' => 'KCFINDER_showname=on; KCFINDER_showsize=off; KCFINDER_showtime=off; KCFINDER_order=name; KCFINDER_orderDesc=off; KCFINDER_view=thumbs; KCFINDER_displaySettings=off'
    'PATH' => 'C:\\ProgramData\\Oracle\\Java\\javapath;C:\\WINDOWS\\system32;C:\\WINDOWS;C:\\WINDOWS\\System32\\Wbem;C:\\WINDOWS\\System32\\WindowsPowerShell\\v1.0\\;C:\\Program Files (x86)\\Git\\cmd;C:\\Program Files (x86)\\SSH Communications Security\\SSH Secure Shell;C:\\xampp\\php;'
    'SystemRoot' => 'C:\\WINDOWS'
    'COMSPEC' => 'C:\\WINDOWS\\system32\\cmd.exe'
    'PATHEXT' => '.COM;.EXE;.BAT;.CMD;.VBS;.VBE;.JS;.JSE;.WSF;.WSH;.MSC'
    'WINDIR' => 'C:\\WINDOWS'
    'SERVER_SIGNATURE' => '<address>Apache/2.4.10 (Win32) OpenSSL/1.0.1i PHP/5.6.3 Server at localhost Port 80</address>
'
    'SERVER_SOFTWARE' => 'Apache/2.4.10 (Win32) OpenSSL/1.0.1i PHP/5.6.3'
    'SERVER_NAME' => 'localhost'
    'SERVER_ADDR' => '::1'
    'SERVER_PORT' => '80'
    'REMOTE_ADDR' => '::1'
    'DOCUMENT_ROOT' => 'C:/xampp/htdocs'
    'REQUEST_SCHEME' => 'http'
    'CONTEXT_PREFIX' => ''
    'CONTEXT_DOCUMENT_ROOT' => 'C:/xampp/htdocs'
    'SERVER_ADMIN' => 'postmaster@localhost'
    'SCRIPT_FILENAME' => 'C:/xampp/htdocs/iweb/web/index.php'
    'REMOTE_PORT' => '58378'
    'GATEWAY_INTERFACE' => 'CGI/1.1'
    'SERVER_PROTOCOL' => 'HTTP/1.1'
    'REQUEST_METHOD' => 'GET'
    'QUERY_STRING' => ''
    'REQUEST_URI' => '/iweb/web/'
    'SCRIPT_NAME' => '/iweb/web/index.php'
    'PHP_SELF' => '/iweb/web/index.php'
    'REQUEST_TIME_FLOAT' => 1437640867.876
    'REQUEST_TIME' => 1437640867
]
2015-07-23 11:08:25 [::1][-][-][error][yii\base\UnknownPropertyException] exception 'yii\base\UnknownPropertyException' with message 'Getting unknown property: app\controllers\SiteController::theme' in C:\xampp\htdocs\iweb\vendor\yiisoft\yii2\base\Component.php:143
Stack trace:
#0 C:\xampp\htdocs\iweb\controllers\SiteController.php(55): yii\base\Component->__get('theme')
#1 [internal function]: app\controllers\SiteController->actionIndex()
#2 C:\xampp\htdocs\iweb\vendor\yiisoft\yii2\base\InlineAction.php(55): call_user_func_array(Array, Array)
#3 C:\xampp\htdocs\iweb\vendor\yiisoft\yii2\base\Controller.php(151): yii\base\InlineAction->runWithParams(Array)
#4 C:\xampp\htdocs\iweb\vendor\yiisoft\yii2\base\Module.php(455): yii\base\Controller->runAction('index', Array)
#5 C:\xampp\htdocs\iweb\vendor\yiisoft\yii2\web\Application.php(84): yii\base\Module->runAction('site/index', Array)
#6 C:\xampp\htdocs\iweb\vendor\yiisoft\yii2\base\Application.php(375): yii\web\Application->handleRequest(Object(yii\web\Request))
#7 C:\xampp\htdocs\iweb\jat\index.php(12): yii\base\Application->run()
#8 {main}
2015-07-23 11:08:25 [::1][-][-][info][application] $_COOKIE = [
    'KCFINDER_showname' => 'on'
    'KCFINDER_showsize' => 'off'
    'KCFINDER_showtime' => 'off'
    'KCFINDER_order' => 'name'
    'KCFINDER_orderDesc' => 'off'
    'KCFINDER_view' => 'thumbs'
    'KCFINDER_displaySettings' => 'off'
    '_csrf' => '17282086080a975298910831d4ff9c968a0ad88a675c1216dd4dc504b074cc6ca:2:{i:0;s:5:\"_csrf\";i:1;s:32:\"Fn6X3yG_5AUHMnOCIN5VASucAutV5R2L\";}'
    'PHPSESSID' => 'oquo0eb4cb648bod8ve6n726o7'
]

$_SERVER = [
    'REDIRECT_MIBDIRS' => 'C:/xampp/php/extras/mibs'
    'REDIRECT_MYSQL_HOME' => '\\xampp\\mysql\\bin'
    'REDIRECT_OPENSSL_CONF' => 'C:/xampp/apache/bin/openssl.cnf'
    'REDIRECT_PHP_PEAR_SYSCONF_DIR' => '\\xampp\\php'
    'REDIRECT_PHPRC' => '\\xampp\\php'
    'REDIRECT_TMP' => '\\xampp\\tmp'
    'REDIRECT_STATUS' => '200'
    'MIBDIRS' => 'C:/xampp/php/extras/mibs'
    'MYSQL_HOME' => '\\xampp\\mysql\\bin'
    'OPENSSL_CONF' => 'C:/xampp/apache/bin/openssl.cnf'
    'PHP_PEAR_SYSCONF_DIR' => '\\xampp\\php'
    'PHPRC' => '\\xampp\\php'
    'TMP' => '\\xampp\\tmp'
    'HTTP_HOST' => 'localhost'
    'HTTP_CONNECTION' => 'keep-alive'
    'HTTP_CACHE_CONTROL' => 'max-age=0'
    'HTTP_ACCEPT' => 'text/html,application/xhtml+xml,application/xml;q=0.9,image/webp,*/*;q=0.8'
    'HTTP_USER_AGENT' => 'Mozilla/5.0 (Windows NT 10.0; WOW64) AppleWebKit/537.36 (KHTML, like Gecko) Chrome/44.0.2403.89 Safari/537.36'
    'HTTP_HTTPS' => '1'
    'HTTP_ACCEPT_ENCODING' => 'gzip, deflate, sdch'
    'HTTP_ACCEPT_LANGUAGE' => 'th-TH,th;q=0.8,en;q=0.6,de;q=0.4'
    'HTTP_COOKIE' => 'KCFINDER_showname=on; KCFINDER_showsize=off; KCFINDER_showtime=off; KCFINDER_order=name; KCFINDER_orderDesc=off; KCFINDER_view=thumbs; KCFINDER_displaySettings=off; _csrf=17282086080a975298910831d4ff9c968a0ad88a675c1216dd4dc504b074cc6ca%3A2%3A%7Bi%3A0%3Bs%3A5%3A%22_csrf%22%3Bi%3A1%3Bs%3A32%3A%22Fn6X3yG_5AUHMnOCIN5VASucAutV5R2L%22%3B%7D; PHPSESSID=oquo0eb4cb648bod8ve6n726o7'
    'PATH' => 'C:\\ProgramData\\Oracle\\Java\\javapath;C:\\WINDOWS\\system32;C:\\WINDOWS;C:\\WINDOWS\\System32\\Wbem;C:\\WINDOWS\\System32\\WindowsPowerShell\\v1.0\\;C:\\Program Files (x86)\\Git\\cmd;C:\\Program Files (x86)\\SSH Communications Security\\SSH Secure Shell;C:\\xampp\\php;'
    'SystemRoot' => 'C:\\WINDOWS'
    'COMSPEC' => 'C:\\WINDOWS\\system32\\cmd.exe'
    'PATHEXT' => '.COM;.EXE;.BAT;.CMD;.VBS;.VBE;.JS;.JSE;.WSF;.WSH;.MSC'
    'WINDIR' => 'C:\\WINDOWS'
    'SERVER_SIGNATURE' => '<address>Apache/2.4.10 (Win32) OpenSSL/1.0.1i PHP/5.6.3 Server at localhost Port 80</address>
'
    'SERVER_SOFTWARE' => 'Apache/2.4.10 (Win32) OpenSSL/1.0.1i PHP/5.6.3'
    'SERVER_NAME' => 'localhost'
    'SERVER_ADDR' => '::1'
    'SERVER_PORT' => '80'
    'REMOTE_ADDR' => '::1'
    'DOCUMENT_ROOT' => 'C:/xampp/htdocs'
    'REQUEST_SCHEME' => 'http'
    'CONTEXT_PREFIX' => ''
    'CONTEXT_DOCUMENT_ROOT' => 'C:/xampp/htdocs'
    'SERVER_ADMIN' => 'postmaster@localhost'
    'SCRIPT_FILENAME' => 'C:/xampp/htdocs/iweb/jat/index.php'
    'REMOTE_PORT' => '58632'
    'REDIRECT_URL' => '/iweb/jat/site/index'
    'GATEWAY_INTERFACE' => 'CGI/1.1'
    'SERVER_PROTOCOL' => 'HTTP/1.1'
    'REQUEST_METHOD' => 'GET'
    'QUERY_STRING' => ''
    'REQUEST_URI' => '/iweb/jat/site/index'
    'SCRIPT_NAME' => '/iweb/jat/index.php'
    'PHP_SELF' => '/iweb/jat/index.php'
    'REQUEST_TIME_FLOAT' => 1437642505.78
    'REQUEST_TIME' => 1437642505
]
2015-07-23 11:08:27 [::1][-][-][error][yii\base\UnknownPropertyException] exception 'yii\base\UnknownPropertyException' with message 'Getting unknown property: app\controllers\SiteController::theme' in C:\xampp\htdocs\iweb\vendor\yiisoft\yii2\base\Component.php:143
Stack trace:
#0 C:\xampp\htdocs\iweb\controllers\SiteController.php(55): yii\base\Component->__get('theme')
#1 [internal function]: app\controllers\SiteController->actionIndex()
#2 C:\xampp\htdocs\iweb\vendor\yiisoft\yii2\base\InlineAction.php(55): call_user_func_array(Array, Array)
#3 C:\xampp\htdocs\iweb\vendor\yiisoft\yii2\base\Controller.php(151): yii\base\InlineAction->runWithParams(Array)
#4 C:\xampp\htdocs\iweb\vendor\yiisoft\yii2\base\Module.php(455): yii\base\Controller->runAction('index', Array)
#5 C:\xampp\htdocs\iweb\vendor\yiisoft\yii2\web\Application.php(84): yii\base\Module->runAction('site/index', Array)
#6 C:\xampp\htdocs\iweb\vendor\yiisoft\yii2\base\Application.php(375): yii\web\Application->handleRequest(Object(yii\web\Request))
#7 C:\xampp\htdocs\iweb\jat\index.php(12): yii\base\Application->run()
#8 {main}
2015-07-23 11:08:27 [::1][-][-][info][application] $_COOKIE = [
    'KCFINDER_showname' => 'on'
    'KCFINDER_showsize' => 'off'
    'KCFINDER_showtime' => 'off'
    'KCFINDER_order' => 'name'
    'KCFINDER_orderDesc' => 'off'
    'KCFINDER_view' => 'thumbs'
    'KCFINDER_displaySettings' => 'off'
    '_csrf' => '17282086080a975298910831d4ff9c968a0ad88a675c1216dd4dc504b074cc6ca:2:{i:0;s:5:\"_csrf\";i:1;s:32:\"Fn6X3yG_5AUHMnOCIN5VASucAutV5R2L\";}'
    'PHPSESSID' => 'oquo0eb4cb648bod8ve6n726o7'
]

$_SERVER = [
    'REDIRECT_MIBDIRS' => 'C:/xampp/php/extras/mibs'
    'REDIRECT_MYSQL_HOME' => '\\xampp\\mysql\\bin'
    'REDIRECT_OPENSSL_CONF' => 'C:/xampp/apache/bin/openssl.cnf'
    'REDIRECT_PHP_PEAR_SYSCONF_DIR' => '\\xampp\\php'
    'REDIRECT_PHPRC' => '\\xampp\\php'
    'REDIRECT_TMP' => '\\xampp\\tmp'
    'REDIRECT_STATUS' => '200'
    'MIBDIRS' => 'C:/xampp/php/extras/mibs'
    'MYSQL_HOME' => '\\xampp\\mysql\\bin'
    'OPENSSL_CONF' => 'C:/xampp/apache/bin/openssl.cnf'
    'PHP_PEAR_SYSCONF_DIR' => '\\xampp\\php'
    'PHPRC' => '\\xampp\\php'
    'TMP' => '\\xampp\\tmp'
    'HTTP_HOST' => 'localhost'
    'HTTP_CONNECTION' => 'keep-alive'
    'HTTP_CACHE_CONTROL' => 'max-age=0'
    'HTTP_ACCEPT' => 'text/html,application/xhtml+xml,application/xml;q=0.9,image/webp,*/*;q=0.8'
    'HTTP_USER_AGENT' => 'Mozilla/5.0 (Windows NT 10.0; WOW64) AppleWebKit/537.36 (KHTML, like Gecko) Chrome/44.0.2403.89 Safari/537.36'
    'HTTP_HTTPS' => '1'
    'HTTP_ACCEPT_ENCODING' => 'gzip, deflate, sdch'
    'HTTP_ACCEPT_LANGUAGE' => 'th-TH,th;q=0.8,en;q=0.6,de;q=0.4'
    'HTTP_COOKIE' => 'KCFINDER_showname=on; KCFINDER_showsize=off; KCFINDER_showtime=off; KCFINDER_order=name; KCFINDER_orderDesc=off; KCFINDER_view=thumbs; KCFINDER_displaySettings=off; _csrf=17282086080a975298910831d4ff9c968a0ad88a675c1216dd4dc504b074cc6ca%3A2%3A%7Bi%3A0%3Bs%3A5%3A%22_csrf%22%3Bi%3A1%3Bs%3A32%3A%22Fn6X3yG_5AUHMnOCIN5VASucAutV5R2L%22%3B%7D; PHPSESSID=oquo0eb4cb648bod8ve6n726o7'
    'PATH' => 'C:\\ProgramData\\Oracle\\Java\\javapath;C:\\WINDOWS\\system32;C:\\WINDOWS;C:\\WINDOWS\\System32\\Wbem;C:\\WINDOWS\\System32\\WindowsPowerShell\\v1.0\\;C:\\Program Files (x86)\\Git\\cmd;C:\\Program Files (x86)\\SSH Communications Security\\SSH Secure Shell;C:\\xampp\\php;'
    'SystemRoot' => 'C:\\WINDOWS'
    'COMSPEC' => 'C:\\WINDOWS\\system32\\cmd.exe'
    'PATHEXT' => '.COM;.EXE;.BAT;.CMD;.VBS;.VBE;.JS;.JSE;.WSF;.WSH;.MSC'
    'WINDIR' => 'C:\\WINDOWS'
    'SERVER_SIGNATURE' => '<address>Apache/2.4.10 (Win32) OpenSSL/1.0.1i PHP/5.6.3 Server at localhost Port 80</address>
'
    'SERVER_SOFTWARE' => 'Apache/2.4.10 (Win32) OpenSSL/1.0.1i PHP/5.6.3'
    'SERVER_NAME' => 'localhost'
    'SERVER_ADDR' => '::1'
    'SERVER_PORT' => '80'
    'REMOTE_ADDR' => '::1'
    'DOCUMENT_ROOT' => 'C:/xampp/htdocs'
    'REQUEST_SCHEME' => 'http'
    'CONTEXT_PREFIX' => ''
    'CONTEXT_DOCUMENT_ROOT' => 'C:/xampp/htdocs'
    'SERVER_ADMIN' => 'postmaster@localhost'
    'SCRIPT_FILENAME' => 'C:/xampp/htdocs/iweb/jat/index.php'
    'REMOTE_PORT' => '58633'
    'REDIRECT_URL' => '/iweb/jat/site/index'
    'GATEWAY_INTERFACE' => 'CGI/1.1'
    'SERVER_PROTOCOL' => 'HTTP/1.1'
    'REQUEST_METHOD' => 'GET'
    'QUERY_STRING' => ''
    'REQUEST_URI' => '/iweb/jat/site/index'
    'SCRIPT_NAME' => '/iweb/jat/index.php'
    'PHP_SELF' => '/iweb/jat/index.php'
    'REQUEST_TIME_FLOAT' => 1437642507.73
    'REQUEST_TIME' => 1437642507
]
2015-07-27 05:12:34 [::1][-][-][error][yii\base\ErrorException:1] exception 'yii\base\ErrorException' with message 'Class 'Url' not found' in C:\xampp\htdocs\iweb\views\layouts\main.php:31
Stack trace:
#0 [internal function]: yii\base\ErrorHandler->handleFatalError()
#1 {main}
2015-07-27 05:12:34 [::1][-][-][info][application] $_COOKIE = [
    '_ga' => 'GA1.1.1383994175.1437452376'
    'KCFINDER_showname' => 'on'
    'KCFINDER_showsize' => 'off'
    'KCFINDER_showtime' => 'off'
    'KCFINDER_order' => 'name'
    'KCFINDER_orderDesc' => 'off'
    'KCFINDER_view' => 'thumbs'
    'KCFINDER_displaySettings' => 'on'
    '_csrf' => 'db51a03dea988c65067cc0d6712f6f1491fb548727c7c9947c6f4c5e8a33b0eba:2:{i:0;s:5:\"_csrf\";i:1;s:32:\"AISFhRgJNiMbBKwGDIpvTTehupONTs5f\";}'
]

$_SERVER = [
    'MIBDIRS' => 'C:/xampp/php/extras/mibs'
    'MYSQL_HOME' => '\\xampp\\mysql\\bin'
    'OPENSSL_CONF' => 'C:/xampp/apache/bin/openssl.cnf'
    'PHP_PEAR_SYSCONF_DIR' => '\\xampp\\php'
    'PHPRC' => '\\xampp\\php'
    'TMP' => '\\xampp\\tmp'
    'HTTP_HOST' => 'localhost'
    'HTTP_USER_AGENT' => 'Mozilla/5.0 (Windows NT 10.0; WOW64; rv:39.0) Gecko/20100101 Firefox/39.0'
    'HTTP_ACCEPT' => 'text/html,application/xhtml+xml,application/xml;q=0.9,*/*;q=0.8'
    'HTTP_ACCEPT_LANGUAGE' => 'en-US,en;q=0.5'
    'HTTP_ACCEPT_ENCODING' => 'gzip, deflate'
    'HTTP_COOKIE' => '_ga=GA1.1.1383994175.1437452376; KCFINDER_showname=on; KCFINDER_showsize=off; KCFINDER_showtime=off; KCFINDER_order=name; KCFINDER_orderDesc=off; KCFINDER_view=thumbs; KCFINDER_displaySettings=on; _csrf=db51a03dea988c65067cc0d6712f6f1491fb548727c7c9947c6f4c5e8a33b0eba%3A2%3A%7Bi%3A0%3Bs%3A5%3A%22_csrf%22%3Bi%3A1%3Bs%3A32%3A%22AISFhRgJNiMbBKwGDIpvTTehupONTs5f%22%3B%7D'
    'HTTP_CONNECTION' => 'keep-alive'
    'HTTP_CACHE_CONTROL' => 'max-age=0'
    'PATH' => 'C:\\ProgramData\\Oracle\\Java\\javapath;C:\\WINDOWS\\system32;C:\\WINDOWS;C:\\WINDOWS\\System32\\Wbem;C:\\WINDOWS\\System32\\WindowsPowerShell\\v1.0\\;C:\\Program Files (x86)\\Git\\cmd;C:\\Program Files (x86)\\SSH Communications Security\\SSH Secure Shell;C:\\xampp\\php;'
    'SystemRoot' => 'C:\\WINDOWS'
    'COMSPEC' => 'C:\\WINDOWS\\system32\\cmd.exe'
    'PATHEXT' => '.COM;.EXE;.BAT;.CMD;.VBS;.VBE;.JS;.JSE;.WSF;.WSH;.MSC'
    'WINDIR' => 'C:\\WINDOWS'
    'SERVER_SIGNATURE' => '<address>Apache/2.4.10 (Win32) OpenSSL/1.0.1i PHP/5.6.3 Server at localhost Port 80</address>
'
    'SERVER_SOFTWARE' => 'Apache/2.4.10 (Win32) OpenSSL/1.0.1i PHP/5.6.3'
    'SERVER_NAME' => 'localhost'
    'SERVER_ADDR' => '::1'
    'SERVER_PORT' => '80'
    'REMOTE_ADDR' => '::1'
    'DOCUMENT_ROOT' => 'C:/xampp/htdocs'
    'REQUEST_SCHEME' => 'http'
    'CONTEXT_PREFIX' => ''
    'CONTEXT_DOCUMENT_ROOT' => 'C:/xampp/htdocs'
    'SERVER_ADMIN' => 'postmaster@localhost'
    'SCRIPT_FILENAME' => 'C:/xampp/htdocs/iweb/web/index.php'
    'REMOTE_PORT' => '55334'
    'GATEWAY_INTERFACE' => 'CGI/1.1'
    'SERVER_PROTOCOL' => 'HTTP/1.1'
    'REQUEST_METHOD' => 'GET'
    'QUERY_STRING' => ''
    'REQUEST_URI' => '/iweb/web/'
    'SCRIPT_NAME' => '/iweb/web/index.php'
    'PHP_SELF' => '/iweb/web/index.php'
    'REQUEST_TIME_FLOAT' => 1437966754.599
    'REQUEST_TIME' => 1437966754
]
2015-07-27 05:22:34 [::1][-][-][error][yii\web\HttpException:404] exception 'yii\base\InvalidRouteException' with message 'Unable to resolve the request "web/images/logo_th-TH.png".' in C:\xampp\htdocs\iweb\vendor\yiisoft\yii2\base\Module.php:461
Stack trace:
#0 C:\xampp\htdocs\iweb\vendor\yiisoft\yii2\web\Application.php(84): yii\base\Module->runAction('web/images/logo...', Array)
#1 C:\xampp\htdocs\iweb\vendor\yiisoft\yii2\base\Application.php(375): yii\web\Application->handleRequest(Object(yii\web\Request))
#2 C:\xampp\htdocs\iweb\web\index.php(12): yii\base\Application->run()
#3 {main}

Next exception 'yii\web\NotFoundHttpException' with message 'Page not found.' in C:\xampp\htdocs\iweb\vendor\yiisoft\yii2\web\Application.php:96
Stack trace:
#0 C:\xampp\htdocs\iweb\vendor\yiisoft\yii2\base\Application.php(375): yii\web\Application->handleRequest(Object(yii\web\Request))
#1 C:\xampp\htdocs\iweb\web\index.php(12): yii\base\Application->run()
#2 {main}
2015-07-27 05:22:34 [::1][-][-][info][application] $_COOKIE = [
    '_ga' => 'GA1.1.1383994175.1437452376'
    'KCFINDER_showname' => 'on'
    'KCFINDER_showsize' => 'off'
    'KCFINDER_showtime' => 'off'
    'KCFINDER_order' => 'name'
    'KCFINDER_orderDesc' => 'off'
    'KCFINDER_view' => 'thumbs'
    'KCFINDER_displaySettings' => 'on'
    '_csrf' => 'db51a03dea988c65067cc0d6712f6f1491fb548727c7c9947c6f4c5e8a33b0eba:2:{i:0;s:5:\"_csrf\";i:1;s:32:\"AISFhRgJNiMbBKwGDIpvTTehupONTs5f\";}'
]

$_SERVER = [
    'REDIRECT_MIBDIRS' => 'C:/xampp/php/extras/mibs'
    'REDIRECT_MYSQL_HOME' => '\\xampp\\mysql\\bin'
    'REDIRECT_OPENSSL_CONF' => 'C:/xampp/apache/bin/openssl.cnf'
    'REDIRECT_PHP_PEAR_SYSCONF_DIR' => '\\xampp\\php'
    'REDIRECT_PHPRC' => '\\xampp\\php'
    'REDIRECT_TMP' => '\\xampp\\tmp'
    'REDIRECT_STATUS' => '200'
    'MIBDIRS' => 'C:/xampp/php/extras/mibs'
    'MYSQL_HOME' => '\\xampp\\mysql\\bin'
    'OPENSSL_CONF' => 'C:/xampp/apache/bin/openssl.cnf'
    'PHP_PEAR_SYSCONF_DIR' => '\\xampp\\php'
    'PHPRC' => '\\xampp\\php'
    'TMP' => '\\xampp\\tmp'
    'HTTP_HOST' => 'localhost'
    'HTTP_USER_AGENT' => 'Mozilla/5.0 (Windows NT 10.0; WOW64; rv:39.0) Gecko/20100101 Firefox/39.0'
    'HTTP_ACCEPT' => 'image/png,image/*;q=0.8,*/*;q=0.5'
    'HTTP_ACCEPT_LANGUAGE' => 'en-US,en;q=0.5'
    'HTTP_ACCEPT_ENCODING' => 'gzip, deflate'
    'HTTP_REFERER' => 'http://localhost/iweb/web/'
    'HTTP_COOKIE' => '_ga=GA1.1.1383994175.1437452376; KCFINDER_showname=on; KCFINDER_showsize=off; KCFINDER_showtime=off; KCFINDER_order=name; KCFINDER_orderDesc=off; KCFINDER_view=thumbs; KCFINDER_displaySettings=on; _csrf=db51a03dea988c65067cc0d6712f6f1491fb548727c7c9947c6f4c5e8a33b0eba%3A2%3A%7Bi%3A0%3Bs%3A5%3A%22_csrf%22%3Bi%3A1%3Bs%3A32%3A%22AISFhRgJNiMbBKwGDIpvTTehupONTs5f%22%3B%7D'
    'HTTP_CONNECTION' => 'keep-alive'
    'PATH' => 'C:\\ProgramData\\Oracle\\Java\\javapath;C:\\WINDOWS\\system32;C:\\WINDOWS;C:\\WINDOWS\\System32\\Wbem;C:\\WINDOWS\\System32\\WindowsPowerShell\\v1.0\\;C:\\Program Files (x86)\\Git\\cmd;C:\\Program Files (x86)\\SSH Communications Security\\SSH Secure Shell;C:\\xampp\\php;'
    'SystemRoot' => 'C:\\WINDOWS'
    'COMSPEC' => 'C:\\WINDOWS\\system32\\cmd.exe'
    'PATHEXT' => '.COM;.EXE;.BAT;.CMD;.VBS;.VBE;.JS;.JSE;.WSF;.WSH;.MSC'
    'WINDIR' => 'C:\\WINDOWS'
    'SERVER_SIGNATURE' => '<address>Apache/2.4.10 (Win32) OpenSSL/1.0.1i PHP/5.6.3 Server at localhost Port 80</address>
'
    'SERVER_SOFTWARE' => 'Apache/2.4.10 (Win32) OpenSSL/1.0.1i PHP/5.6.3'
    'SERVER_NAME' => 'localhost'
    'SERVER_ADDR' => '::1'
    'SERVER_PORT' => '80'
    'REMOTE_ADDR' => '::1'
    'DOCUMENT_ROOT' => 'C:/xampp/htdocs'
    'REQUEST_SCHEME' => 'http'
    'CONTEXT_PREFIX' => ''
    'CONTEXT_DOCUMENT_ROOT' => 'C:/xampp/htdocs'
    'SERVER_ADMIN' => 'postmaster@localhost'
    'SCRIPT_FILENAME' => 'C:/xampp/htdocs/iweb/web/index.php'
    'REMOTE_PORT' => '55436'
    'REDIRECT_URL' => '/iweb/web/web/images/logo_th-TH.png'
    'GATEWAY_INTERFACE' => 'CGI/1.1'
    'SERVER_PROTOCOL' => 'HTTP/1.1'
    'REQUEST_METHOD' => 'GET'
    'QUERY_STRING' => ''
    'REQUEST_URI' => '/iweb/web/web/images/logo_th-TH.png'
    'SCRIPT_NAME' => '/iweb/web/index.php'
    'PHP_SELF' => '/iweb/web/index.php'
    'REQUEST_TIME_FLOAT' => 1437967354.228
    'REQUEST_TIME' => 1437967354
]
2015-07-27 05:28:12 [::1][-][-][error][yii\db\Exception] exception 'PDOException' with message 'SQLSTATE[HY000] [1049] Unknown database 'yii2basic'' in C:\xampp\htdocs\iweb\vendor\yiisoft\yii2\db\Connection.php:579
Stack trace:
#0 C:\xampp\htdocs\iweb\vendor\yiisoft\yii2\db\Connection.php(579): PDO->__construct('mysql:host=loca...', 'root', '', NULL)
#1 C:\xampp\htdocs\iweb\vendor\yiisoft\yii2\db\Connection.php(529): yii\db\Connection->createPdoInstance()
#2 C:\xampp\htdocs\iweb\vendor\yiisoft\yii2\db\Connection.php(836): yii\db\Connection->open()
#3 C:\xampp\htdocs\iweb\vendor\yiisoft\yii2\db\Connection.php(823): yii\db\Connection->getMasterPdo()
#4 C:\xampp\htdocs\iweb\vendor\yiisoft\yii2\db\Command.php(206): yii\db\Connection->getSlavePdo()
#5 C:\xampp\htdocs\iweb\vendor\yiisoft\yii2\db\Command.php(819): yii\db\Command->prepare(true)
#6 C:\xampp\htdocs\iweb\vendor\yiisoft\yii2\db\Command.php(336): yii\db\Command->queryInternal('')
#7 C:\xampp\htdocs\iweb\models\Menus.php(200): yii\db\Command->query()
#8 C:\xampp\htdocs\iweb\views\layouts\main.php(64): app\models\Menus->listMenus(0, 0, 7)
#9 C:\xampp\htdocs\iweb\vendor\yiisoft\yii2\base\View.php(325): require('C:\\xampp\\htdocs...')
#10 C:\xampp\htdocs\iweb\vendor\yiisoft\yii2\base\View.php(247): yii\base\View->renderPhpFile('C:\\xampp\\htdocs...', Array)
#11 C:\xampp\htdocs\iweb\vendor\yiisoft\yii2\base\Controller.php(386): yii\base\View->renderFile('C:\\xampp\\htdocs...', Array, Object(app\controllers\SiteController))
#12 C:\xampp\htdocs\iweb\vendor\yiisoft\yii2\base\Controller.php(372): yii\base\Controller->renderContent('<div class="sit...')
#13 C:\xampp\htdocs\iweb\controllers\SiteController.php(52): yii\base\Controller->render('index')
#14 [internal function]: app\controllers\SiteController->actionIndex()
#15 C:\xampp\htdocs\iweb\vendor\yiisoft\yii2\base\InlineAction.php(55): call_user_func_array(Array, Array)
#16 C:\xampp\htdocs\iweb\vendor\yiisoft\yii2\base\Controller.php(151): yii\base\InlineAction->runWithParams(Array)
#17 C:\xampp\htdocs\iweb\vendor\yiisoft\yii2\base\Module.php(455): yii\base\Controller->runAction('', Array)
#18 C:\xampp\htdocs\iweb\vendor\yiisoft\yii2\web\Application.php(84): yii\base\Module->runAction('', Array)
#19 C:\xampp\htdocs\iweb\vendor\yiisoft\yii2\base\Application.php(375): yii\web\Application->handleRequest(Object(yii\web\Request))
#20 C:\xampp\htdocs\iweb\web\index.php(12): yii\base\Application->run()
#21 {main}

Next exception 'yii\db\Exception' with message 'SQLSTATE[HY000] [1049] Unknown database 'yii2basic'' in C:\xampp\htdocs\iweb\vendor\yiisoft\yii2\db\Connection.php:534
Stack trace:
#0 C:\xampp\htdocs\iweb\vendor\yiisoft\yii2\db\Connection.php(836): yii\db\Connection->open()
#1 C:\xampp\htdocs\iweb\vendor\yiisoft\yii2\db\Connection.php(823): yii\db\Connection->getMasterPdo()
#2 C:\xampp\htdocs\iweb\vendor\yiisoft\yii2\db\Command.php(206): yii\db\Connection->getSlavePdo()
#3 C:\xampp\htdocs\iweb\vendor\yiisoft\yii2\db\Command.php(819): yii\db\Command->prepare(true)
#4 C:\xampp\htdocs\iweb\vendor\yiisoft\yii2\db\Command.php(336): yii\db\Command->queryInternal('')
#5 C:\xampp\htdocs\iweb\models\Menus.php(200): yii\db\Command->query()
#6 C:\xampp\htdocs\iweb\views\layouts\main.php(64): app\models\Menus->listMenus(0, 0, 7)
#7 C:\xampp\htdocs\iweb\vendor\yiisoft\yii2\base\View.php(325): require('C:\\xampp\\htdocs...')
#8 C:\xampp\htdocs\iweb\vendor\yiisoft\yii2\base\View.php(247): yii\base\View->renderPhpFile('C:\\xampp\\htdocs...', Array)
#9 C:\xampp\htdocs\iweb\vendor\yiisoft\yii2\base\Controller.php(386): yii\base\View->renderFile('C:\\xampp\\htdocs...', Array, Object(app\controllers\SiteController))
#10 C:\xampp\htdocs\iweb\vendor\yiisoft\yii2\base\Controller.php(372): yii\base\Controller->renderContent('<div class="sit...')
#11 C:\xampp\htdocs\iweb\controllers\SiteController.php(52): yii\base\Controller->render('index')
#12 [internal function]: app\controllers\SiteController->actionIndex()
#13 C:\xampp\htdocs\iweb\vendor\yiisoft\yii2\base\InlineAction.php(55): call_user_func_array(Array, Array)
#14 C:\xampp\htdocs\iweb\vendor\yiisoft\yii2\base\Controller.php(151): yii\base\InlineAction->runWithParams(Array)
#15 C:\xampp\htdocs\iweb\vendor\yiisoft\yii2\base\Module.php(455): yii\base\Controller->runAction('', Array)
#16 C:\xampp\htdocs\iweb\vendor\yiisoft\yii2\web\Application.php(84): yii\base\Module->runAction('', Array)
#17 C:\xampp\htdocs\iweb\vendor\yiisoft\yii2\base\Application.php(375): yii\web\Application->handleRequest(Object(yii\web\Request))
#18 C:\xampp\htdocs\iweb\web\index.php(12): yii\base\Application->run()
#19 {main}
Additional Information:

2015-07-27 05:28:12 [::1][-][-][info][application] $_COOKIE = [
    '_ga' => 'GA1.1.1383994175.1437452376'
    'KCFINDER_showname' => 'on'
    'KCFINDER_showsize' => 'off'
    'KCFINDER_showtime' => 'off'
    'KCFINDER_order' => 'name'
    'KCFINDER_orderDesc' => 'off'
    'KCFINDER_view' => 'thumbs'
    'KCFINDER_displaySettings' => 'on'
    '_csrf' => 'db51a03dea988c65067cc0d6712f6f1491fb548727c7c9947c6f4c5e8a33b0eba:2:{i:0;s:5:\"_csrf\";i:1;s:32:\"AISFhRgJNiMbBKwGDIpvTTehupONTs5f\";}'
]

$_SERVER = [
    'MIBDIRS' => 'C:/xampp/php/extras/mibs'
    'MYSQL_HOME' => '\\xampp\\mysql\\bin'
    'OPENSSL_CONF' => 'C:/xampp/apache/bin/openssl.cnf'
    'PHP_PEAR_SYSCONF_DIR' => '\\xampp\\php'
    'PHPRC' => '\\xampp\\php'
    'TMP' => '\\xampp\\tmp'
    'HTTP_HOST' => 'localhost'
    'HTTP_USER_AGENT' => 'Mozilla/5.0 (Windows NT 10.0; WOW64; rv:39.0) Gecko/20100101 Firefox/39.0'
    'HTTP_ACCEPT' => 'text/html,application/xhtml+xml,application/xml;q=0.9,*/*;q=0.8'
    'HTTP_ACCEPT_LANGUAGE' => 'en-US,en;q=0.5'
    'HTTP_ACCEPT_ENCODING' => 'gzip, deflate'
    'HTTP_COOKIE' => '_ga=GA1.1.1383994175.1437452376; KCFINDER_showname=on; KCFINDER_showsize=off; KCFINDER_showtime=off; KCFINDER_order=name; KCFINDER_orderDesc=off; KCFINDER_view=thumbs; KCFINDER_displaySettings=on; _csrf=db51a03dea988c65067cc0d6712f6f1491fb548727c7c9947c6f4c5e8a33b0eba%3A2%3A%7Bi%3A0%3Bs%3A5%3A%22_csrf%22%3Bi%3A1%3Bs%3A32%3A%22AISFhRgJNiMbBKwGDIpvTTehupONTs5f%22%3B%7D'
    'HTTP_CONNECTION' => 'keep-alive'
    'HTTP_CACHE_CONTROL' => 'max-age=0'
    'PATH' => 'C:\\ProgramData\\Oracle\\Java\\javapath;C:\\WINDOWS\\system32;C:\\WINDOWS;C:\\WINDOWS\\System32\\Wbem;C:\\WINDOWS\\System32\\WindowsPowerShell\\v1.0\\;C:\\Program Files (x86)\\Git\\cmd;C:\\Program Files (x86)\\SSH Communications Security\\SSH Secure Shell;C:\\xampp\\php;'
    'SystemRoot' => 'C:\\WINDOWS'
    'COMSPEC' => 'C:\\WINDOWS\\system32\\cmd.exe'
    'PATHEXT' => '.COM;.EXE;.BAT;.CMD;.VBS;.VBE;.JS;.JSE;.WSF;.WSH;.MSC'
    'WINDIR' => 'C:\\WINDOWS'
    'SERVER_SIGNATURE' => '<address>Apache/2.4.10 (Win32) OpenSSL/1.0.1i PHP/5.6.3 Server at localhost Port 80</address>
'
    'SERVER_SOFTWARE' => 'Apache/2.4.10 (Win32) OpenSSL/1.0.1i PHP/5.6.3'
    'SERVER_NAME' => 'localhost'
    'SERVER_ADDR' => '::1'
    'SERVER_PORT' => '80'
    'REMOTE_ADDR' => '::1'
    'DOCUMENT_ROOT' => 'C:/xampp/htdocs'
    'REQUEST_SCHEME' => 'http'
    'CONTEXT_PREFIX' => ''
    'CONTEXT_DOCUMENT_ROOT' => 'C:/xampp/htdocs'
    'SERVER_ADMIN' => 'postmaster@localhost'
    'SCRIPT_FILENAME' => 'C:/xampp/htdocs/iweb/web/index.php'
    'REMOTE_PORT' => '55474'
    'GATEWAY_INTERFACE' => 'CGI/1.1'
    'SERVER_PROTOCOL' => 'HTTP/1.1'
    'REQUEST_METHOD' => 'GET'
    'QUERY_STRING' => ''
    'REQUEST_URI' => '/iweb/web/'
    'SCRIPT_NAME' => '/iweb/web/index.php'
    'PHP_SELF' => '/iweb/web/index.php'
    'REQUEST_TIME_FLOAT' => 1437967692.325
    'REQUEST_TIME' => 1437967692
]
2015-07-27 05:28:51 [::1][-][-][error][yii\base\ErrorException:1] exception 'yii\base\ErrorException' with message 'Class 'NavX' not found' in C:\xampp\htdocs\iweb\views\layouts\main.php:65
Stack trace:
#0 [internal function]: yii\base\ErrorHandler->handleFatalError()
#1 {main}
2015-07-27 05:28:50 [::1][-][-][info][application] $_COOKIE = [
    '_ga' => 'GA1.1.1383994175.1437452376'
    'KCFINDER_showname' => 'on'
    'KCFINDER_showsize' => 'off'
    'KCFINDER_showtime' => 'off'
    'KCFINDER_order' => 'name'
    'KCFINDER_orderDesc' => 'off'
    'KCFINDER_view' => 'thumbs'
    'KCFINDER_displaySettings' => 'on'
    '_csrf' => 'db51a03dea988c65067cc0d6712f6f1491fb548727c7c9947c6f4c5e8a33b0eba:2:{i:0;s:5:\"_csrf\";i:1;s:32:\"AISFhRgJNiMbBKwGDIpvTTehupONTs5f\";}'
]

$_SERVER = [
    'MIBDIRS' => 'C:/xampp/php/extras/mibs'
    'MYSQL_HOME' => '\\xampp\\mysql\\bin'
    'OPENSSL_CONF' => 'C:/xampp/apache/bin/openssl.cnf'
    'PHP_PEAR_SYSCONF_DIR' => '\\xampp\\php'
    'PHPRC' => '\\xampp\\php'
    'TMP' => '\\xampp\\tmp'
    'HTTP_HOST' => 'localhost'
    'HTTP_USER_AGENT' => 'Mozilla/5.0 (Windows NT 10.0; WOW64; rv:39.0) Gecko/20100101 Firefox/39.0'
    'HTTP_ACCEPT' => 'text/html,application/xhtml+xml,application/xml;q=0.9,*/*;q=0.8'
    'HTTP_ACCEPT_LANGUAGE' => 'en-US,en;q=0.5'
    'HTTP_ACCEPT_ENCODING' => 'gzip, deflate'
    'HTTP_COOKIE' => '_ga=GA1.1.1383994175.1437452376; KCFINDER_showname=on; KCFINDER_showsize=off; KCFINDER_showtime=off; KCFINDER_order=name; KCFINDER_orderDesc=off; KCFINDER_view=thumbs; KCFINDER_displaySettings=on; _csrf=db51a03dea988c65067cc0d6712f6f1491fb548727c7c9947c6f4c5e8a33b0eba%3A2%3A%7Bi%3A0%3Bs%3A5%3A%22_csrf%22%3Bi%3A1%3Bs%3A32%3A%22AISFhRgJNiMbBKwGDIpvTTehupONTs5f%22%3B%7D'
    'HTTP_CONNECTION' => 'keep-alive'
    'HTTP_CACHE_CONTROL' => 'max-age=0'
    'PATH' => 'C:\\ProgramData\\Oracle\\Java\\javapath;C:\\WINDOWS\\system32;C:\\WINDOWS;C:\\WINDOWS\\System32\\Wbem;C:\\WINDOWS\\System32\\WindowsPowerShell\\v1.0\\;C:\\Program Files (x86)\\Git\\cmd;C:\\Program Files (x86)\\SSH Communications Security\\SSH Secure Shell;C:\\xampp\\php;'
    'SystemRoot' => 'C:\\WINDOWS'
    'COMSPEC' => 'C:\\WINDOWS\\system32\\cmd.exe'
    'PATHEXT' => '.COM;.EXE;.BAT;.CMD;.VBS;.VBE;.JS;.JSE;.WSF;.WSH;.MSC'
    'WINDIR' => 'C:\\WINDOWS'
    'SERVER_SIGNATURE' => '<address>Apache/2.4.10 (Win32) OpenSSL/1.0.1i PHP/5.6.3 Server at localhost Port 80</address>
'
    'SERVER_SOFTWARE' => 'Apache/2.4.10 (Win32) OpenSSL/1.0.1i PHP/5.6.3'
    'SERVER_NAME' => 'localhost'
    'SERVER_ADDR' => '::1'
    'SERVER_PORT' => '80'
    'REMOTE_ADDR' => '::1'
    'DOCUMENT_ROOT' => 'C:/xampp/htdocs'
    'REQUEST_SCHEME' => 'http'
    'CONTEXT_PREFIX' => ''
    'CONTEXT_DOCUMENT_ROOT' => 'C:/xampp/htdocs'
    'SERVER_ADMIN' => 'postmaster@localhost'
    'SCRIPT_FILENAME' => 'C:/xampp/htdocs/iweb/web/index.php'
    'REMOTE_PORT' => '55480'
    'GATEWAY_INTERFACE' => 'CGI/1.1'
    'SERVER_PROTOCOL' => 'HTTP/1.1'
    'REQUEST_METHOD' => 'GET'
    'QUERY_STRING' => ''
    'REQUEST_URI' => '/iweb/web/'
    'SCRIPT_NAME' => '/iweb/web/index.php'
    'PHP_SELF' => '/iweb/web/index.php'
    'REQUEST_TIME_FLOAT' => 1437967730.817
    'REQUEST_TIME' => 1437967730
]
2015-07-27 05:34:06 [::1][-][-][error][yii\web\HttpException:404] exception 'yii\base\InvalidRouteException' with message 'Unable to resolve the request "css/fontface.css".' in C:\xampp\htdocs\iweb\vendor\yiisoft\yii2\base\Module.php:461
Stack trace:
#0 C:\xampp\htdocs\iweb\vendor\yiisoft\yii2\web\Application.php(84): yii\base\Module->runAction('css/fontface.cs...', Array)
#1 C:\xampp\htdocs\iweb\vendor\yiisoft\yii2\base\Application.php(375): yii\web\Application->handleRequest(Object(yii\web\Request))
#2 C:\xampp\htdocs\iweb\web\index.php(12): yii\base\Application->run()
#3 {main}

Next exception 'yii\web\NotFoundHttpException' with message 'Page not found.' in C:\xampp\htdocs\iweb\vendor\yiisoft\yii2\web\Application.php:96
Stack trace:
#0 C:\xampp\htdocs\iweb\vendor\yiisoft\yii2\base\Application.php(375): yii\web\Application->handleRequest(Object(yii\web\Request))
#1 C:\xampp\htdocs\iweb\web\index.php(12): yii\base\Application->run()
#2 {main}
2015-07-27 05:34:06 [::1][-][-][info][application] $_COOKIE = [
    '_ga' => 'GA1.1.1383994175.1437452376'
    'KCFINDER_showname' => 'on'
    'KCFINDER_showsize' => 'off'
    'KCFINDER_showtime' => 'off'
    'KCFINDER_order' => 'name'
    'KCFINDER_orderDesc' => 'off'
    'KCFINDER_view' => 'thumbs'
    'KCFINDER_displaySettings' => 'on'
    '_csrf' => 'db51a03dea988c65067cc0d6712f6f1491fb548727c7c9947c6f4c5e8a33b0eba:2:{i:0;s:5:\"_csrf\";i:1;s:32:\"AISFhRgJNiMbBKwGDIpvTTehupONTs5f\";}'
]

$_SERVER = [
    'REDIRECT_MIBDIRS' => 'C:/xampp/php/extras/mibs'
    'REDIRECT_MYSQL_HOME' => '\\xampp\\mysql\\bin'
    'REDIRECT_OPENSSL_CONF' => 'C:/xampp/apache/bin/openssl.cnf'
    'REDIRECT_PHP_PEAR_SYSCONF_DIR' => '\\xampp\\php'
    'REDIRECT_PHPRC' => '\\xampp\\php'
    'REDIRECT_TMP' => '\\xampp\\tmp'
    'REDIRECT_STATUS' => '200'
    'MIBDIRS' => 'C:/xampp/php/extras/mibs'
    'MYSQL_HOME' => '\\xampp\\mysql\\bin'
    'OPENSSL_CONF' => 'C:/xampp/apache/bin/openssl.cnf'
    'PHP_PEAR_SYSCONF_DIR' => '\\xampp\\php'
    'PHPRC' => '\\xampp\\php'
    'TMP' => '\\xampp\\tmp'
    'HTTP_HOST' => 'localhost'
    'HTTP_USER_AGENT' => 'Mozilla/5.0 (Windows NT 10.0; WOW64; rv:39.0) Gecko/20100101 Firefox/39.0'
    'HTTP_ACCEPT' => 'text/css,*/*;q=0.1'
    'HTTP_ACCEPT_LANGUAGE' => 'en-US,en;q=0.5'
    'HTTP_ACCEPT_ENCODING' => 'gzip, deflate'
    'HTTP_REFERER' => 'http://localhost/iweb/web/css/site.css'
    'HTTP_COOKIE' => '_ga=GA1.1.1383994175.1437452376; KCFINDER_showname=on; KCFINDER_showsize=off; KCFINDER_showtime=off; KCFINDER_order=name; KCFINDER_orderDesc=off; KCFINDER_view=thumbs; KCFINDER_displaySettings=on; _csrf=db51a03dea988c65067cc0d6712f6f1491fb548727c7c9947c6f4c5e8a33b0eba%3A2%3A%7Bi%3A0%3Bs%3A5%3A%22_csrf%22%3Bi%3A1%3Bs%3A32%3A%22AISFhRgJNiMbBKwGDIpvTTehupONTs5f%22%3B%7D'
    'HTTP_CONNECTION' => 'keep-alive'
    'PATH' => 'C:\\ProgramData\\Oracle\\Java\\javapath;C:\\WINDOWS\\system32;C:\\WINDOWS;C:\\WINDOWS\\System32\\Wbem;C:\\WINDOWS\\System32\\WindowsPowerShell\\v1.0\\;C:\\Program Files (x86)\\Git\\cmd;C:\\Program Files (x86)\\SSH Communications Security\\SSH Secure Shell;C:\\xampp\\php;'
    'SystemRoot' => 'C:\\WINDOWS'
    'COMSPEC' => 'C:\\WINDOWS\\system32\\cmd.exe'
    'PATHEXT' => '.COM;.EXE;.BAT;.CMD;.VBS;.VBE;.JS;.JSE;.WSF;.WSH;.MSC'
    'WINDIR' => 'C:\\WINDOWS'
    'SERVER_SIGNATURE' => '<address>Apache/2.4.10 (Win32) OpenSSL/1.0.1i PHP/5.6.3 Server at localhost Port 80</address>
'
    'SERVER_SOFTWARE' => 'Apache/2.4.10 (Win32) OpenSSL/1.0.1i PHP/5.6.3'
    'SERVER_NAME' => 'localhost'
    'SERVER_ADDR' => '::1'
    'SERVER_PORT' => '80'
    'REMOTE_ADDR' => '::1'
    'DOCUMENT_ROOT' => 'C:/xampp/htdocs'
    'REQUEST_SCHEME' => 'http'
    'CONTEXT_PREFIX' => ''
    'CONTEXT_DOCUMENT_ROOT' => 'C:/xampp/htdocs'
    'SERVER_ADMIN' => 'postmaster@localhost'
    'SCRIPT_FILENAME' => 'C:/xampp/htdocs/iweb/web/index.php'
    'REMOTE_PORT' => '55537'
    'REDIRECT_URL' => '/iweb/web/css/fontface.css'
    'GATEWAY_INTERFACE' => 'CGI/1.1'
    'SERVER_PROTOCOL' => 'HTTP/1.1'
    'REQUEST_METHOD' => 'GET'
    'QUERY_STRING' => ''
    'REQUEST_URI' => '/iweb/web/css/fontface.css'
    'SCRIPT_NAME' => '/iweb/web/index.php'
    'PHP_SELF' => '/iweb/web/index.php'
    'REQUEST_TIME_FLOAT' => 1437968046.081
    'REQUEST_TIME' => 1437968046
]
2015-07-27 05:34:26 [::1][-][-][error][yii\web\HttpException:404] exception 'yii\base\InvalidRouteException' with message 'Unable to resolve the request "css/fontface.css".' in C:\xampp\htdocs\iweb\vendor\yiisoft\yii2\base\Module.php:461
Stack trace:
#0 C:\xampp\htdocs\iweb\vendor\yiisoft\yii2\web\Application.php(84): yii\base\Module->runAction('css/fontface.cs...', Array)
#1 C:\xampp\htdocs\iweb\vendor\yiisoft\yii2\base\Application.php(375): yii\web\Application->handleRequest(Object(yii\web\Request))
#2 C:\xampp\htdocs\iweb\web\index.php(12): yii\base\Application->run()
#3 {main}

Next exception 'yii\web\NotFoundHttpException' with message 'Page not found.' in C:\xampp\htdocs\iweb\vendor\yiisoft\yii2\web\Application.php:96
Stack trace:
#0 C:\xampp\htdocs\iweb\vendor\yiisoft\yii2\base\Application.php(375): yii\web\Application->handleRequest(Object(yii\web\Request))
#1 C:\xampp\htdocs\iweb\web\index.php(12): yii\base\Application->run()
#2 {main}
2015-07-27 05:34:26 [::1][-][-][info][application] $_COOKIE = [
    '_ga' => 'GA1.1.1383994175.1437452376'
    'KCFINDER_showname' => 'on'
    'KCFINDER_showsize' => 'off'
    'KCFINDER_showtime' => 'off'
    'KCFINDER_order' => 'name'
    'KCFINDER_orderDesc' => 'off'
    'KCFINDER_view' => 'thumbs'
    'KCFINDER_displaySettings' => 'on'
    '_csrf' => 'db51a03dea988c65067cc0d6712f6f1491fb548727c7c9947c6f4c5e8a33b0eba:2:{i:0;s:5:\"_csrf\";i:1;s:32:\"AISFhRgJNiMbBKwGDIpvTTehupONTs5f\";}'
]

$_SERVER = [
    'REDIRECT_MIBDIRS' => 'C:/xampp/php/extras/mibs'
    'REDIRECT_MYSQL_HOME' => '\\xampp\\mysql\\bin'
    'REDIRECT_OPENSSL_CONF' => 'C:/xampp/apache/bin/openssl.cnf'
    'REDIRECT_PHP_PEAR_SYSCONF_DIR' => '\\xampp\\php'
    'REDIRECT_PHPRC' => '\\xampp\\php'
    'REDIRECT_TMP' => '\\xampp\\tmp'
    'REDIRECT_STATUS' => '200'
    'MIBDIRS' => 'C:/xampp/php/extras/mibs'
    'MYSQL_HOME' => '\\xampp\\mysql\\bin'
    'OPENSSL_CONF' => 'C:/xampp/apache/bin/openssl.cnf'
    'PHP_PEAR_SYSCONF_DIR' => '\\xampp\\php'
    'PHPRC' => '\\xampp\\php'
    'TMP' => '\\xampp\\tmp'
    'HTTP_HOST' => 'localhost'
    'HTTP_USER_AGENT' => 'Mozilla/5.0 (Windows NT 10.0; WOW64; rv:39.0) Gecko/20100101 Firefox/39.0'
    'HTTP_ACCEPT' => 'text/css,*/*;q=0.1'
    'HTTP_ACCEPT_LANGUAGE' => 'en-US,en;q=0.5'
    'HTTP_ACCEPT_ENCODING' => 'gzip, deflate'
    'HTTP_REFERER' => 'http://localhost/iweb/web/css/site.css'
    'HTTP_COOKIE' => '_ga=GA1.1.1383994175.1437452376; KCFINDER_showname=on; KCFINDER_showsize=off; KCFINDER_showtime=off; KCFINDER_order=name; KCFINDER_orderDesc=off; KCFINDER_view=thumbs; KCFINDER_displaySettings=on; _csrf=db51a03dea988c65067cc0d6712f6f1491fb548727c7c9947c6f4c5e8a33b0eba%3A2%3A%7Bi%3A0%3Bs%3A5%3A%22_csrf%22%3Bi%3A1%3Bs%3A32%3A%22AISFhRgJNiMbBKwGDIpvTTehupONTs5f%22%3B%7D'
    'HTTP_CONNECTION' => 'keep-alive'
    'HTTP_CACHE_CONTROL' => 'max-age=0'
    'PATH' => 'C:\\ProgramData\\Oracle\\Java\\javapath;C:\\WINDOWS\\system32;C:\\WINDOWS;C:\\WINDOWS\\System32\\Wbem;C:\\WINDOWS\\System32\\WindowsPowerShell\\v1.0\\;C:\\Program Files (x86)\\Git\\cmd;C:\\Program Files (x86)\\SSH Communications Security\\SSH Secure Shell;C:\\xampp\\php;'
    'SystemRoot' => 'C:\\WINDOWS'
    'COMSPEC' => 'C:\\WINDOWS\\system32\\cmd.exe'
    'PATHEXT' => '.COM;.EXE;.BAT;.CMD;.VBS;.VBE;.JS;.JSE;.WSF;.WSH;.MSC'
    'WINDIR' => 'C:\\WINDOWS'
    'SERVER_SIGNATURE' => '<address>Apache/2.4.10 (Win32) OpenSSL/1.0.1i PHP/5.6.3 Server at localhost Port 80</address>
'
    'SERVER_SOFTWARE' => 'Apache/2.4.10 (Win32) OpenSSL/1.0.1i PHP/5.6.3'
    'SERVER_NAME' => 'localhost'
    'SERVER_ADDR' => '::1'
    'SERVER_PORT' => '80'
    'REMOTE_ADDR' => '::1'
    'DOCUMENT_ROOT' => 'C:/xampp/htdocs'
    'REQUEST_SCHEME' => 'http'
    'CONTEXT_PREFIX' => ''
    'CONTEXT_DOCUMENT_ROOT' => 'C:/xampp/htdocs'
    'SERVER_ADMIN' => 'postmaster@localhost'
    'SCRIPT_FILENAME' => 'C:/xampp/htdocs/iweb/web/index.php'
    'REMOTE_PORT' => '55546'
    'REDIRECT_URL' => '/iweb/web/css/fontface.css'
    'GATEWAY_INTERFACE' => 'CGI/1.1'
    'SERVER_PROTOCOL' => 'HTTP/1.1'
    'REQUEST_METHOD' => 'GET'
    'QUERY_STRING' => ''
    'REQUEST_URI' => '/iweb/web/css/fontface.css'
    'SCRIPT_NAME' => '/iweb/web/index.php'
    'PHP_SELF' => '/iweb/web/index.php'
    'REQUEST_TIME_FLOAT' => 1437968066.438
    'REQUEST_TIME' => 1437968066
]
2015-07-27 05:34:39 [::1][-][-][error][yii\web\HttpException:404] exception 'yii\base\InvalidRouteException' with message 'Unable to resolve the request "css/fontface.css".' in C:\xampp\htdocs\iweb\vendor\yiisoft\yii2\base\Module.php:461
Stack trace:
#0 C:\xampp\htdocs\iweb\vendor\yiisoft\yii2\web\Application.php(84): yii\base\Module->runAction('css/fontface.cs...', Array)
#1 C:\xampp\htdocs\iweb\vendor\yiisoft\yii2\base\Application.php(375): yii\web\Application->handleRequest(Object(yii\web\Request))
#2 C:\xampp\htdocs\iweb\web\index.php(12): yii\base\Application->run()
#3 {main}

Next exception 'yii\web\NotFoundHttpException' with message 'Page not found.' in C:\xampp\htdocs\iweb\vendor\yiisoft\yii2\web\Application.php:96
Stack trace:
#0 C:\xampp\htdocs\iweb\vendor\yiisoft\yii2\base\Application.php(375): yii\web\Application->handleRequest(Object(yii\web\Request))
#1 C:\xampp\htdocs\iweb\web\index.php(12): yii\base\Application->run()
#2 {main}
2015-07-27 05:34:39 [::1][-][-][info][application] $_COOKIE = [
    '_ga' => 'GA1.1.1383994175.1437452376'
    'KCFINDER_showname' => 'on'
    'KCFINDER_showsize' => 'off'
    'KCFINDER_showtime' => 'off'
    'KCFINDER_order' => 'name'
    'KCFINDER_orderDesc' => 'off'
    'KCFINDER_view' => 'thumbs'
    'KCFINDER_displaySettings' => 'on'
    '_csrf' => 'db51a03dea988c65067cc0d6712f6f1491fb548727c7c9947c6f4c5e8a33b0eba:2:{i:0;s:5:\"_csrf\";i:1;s:32:\"AISFhRgJNiMbBKwGDIpvTTehupONTs5f\";}'
]

$_SERVER = [
    'REDIRECT_MIBDIRS' => 'C:/xampp/php/extras/mibs'
    'REDIRECT_MYSQL_HOME' => '\\xampp\\mysql\\bin'
    'REDIRECT_OPENSSL_CONF' => 'C:/xampp/apache/bin/openssl.cnf'
    'REDIRECT_PHP_PEAR_SYSCONF_DIR' => '\\xampp\\php'
    'REDIRECT_PHPRC' => '\\xampp\\php'
    'REDIRECT_TMP' => '\\xampp\\tmp'
    'REDIRECT_STATUS' => '200'
    'MIBDIRS' => 'C:/xampp/php/extras/mibs'
    'MYSQL_HOME' => '\\xampp\\mysql\\bin'
    'OPENSSL_CONF' => 'C:/xampp/apache/bin/openssl.cnf'
    'PHP_PEAR_SYSCONF_DIR' => '\\xampp\\php'
    'PHPRC' => '\\xampp\\php'
    'TMP' => '\\xampp\\tmp'
    'HTTP_HOST' => 'localhost'
    'HTTP_USER_AGENT' => 'Mozilla/5.0 (Windows NT 10.0; WOW64; rv:39.0) Gecko/20100101 Firefox/39.0'
    'HTTP_ACCEPT' => 'text/css,*/*;q=0.1'
    'HTTP_ACCEPT_LANGUAGE' => 'en-US,en;q=0.5'
    'HTTP_ACCEPT_ENCODING' => 'gzip, deflate'
    'HTTP_REFERER' => 'http://localhost/iweb/web/css/site.css'
    'HTTP_COOKIE' => '_ga=GA1.1.1383994175.1437452376; KCFINDER_showname=on; KCFINDER_showsize=off; KCFINDER_showtime=off; KCFINDER_order=name; KCFINDER_orderDesc=off; KCFINDER_view=thumbs; KCFINDER_displaySettings=on; _csrf=db51a03dea988c65067cc0d6712f6f1491fb548727c7c9947c6f4c5e8a33b0eba%3A2%3A%7Bi%3A0%3Bs%3A5%3A%22_csrf%22%3Bi%3A1%3Bs%3A32%3A%22AISFhRgJNiMbBKwGDIpvTTehupONTs5f%22%3B%7D'
    'HTTP_CONNECTION' => 'keep-alive'
    'HTTP_CACHE_CONTROL' => 'max-age=0'
    'PATH' => 'C:\\ProgramData\\Oracle\\Java\\javapath;C:\\WINDOWS\\system32;C:\\WINDOWS;C:\\WINDOWS\\System32\\Wbem;C:\\WINDOWS\\System32\\WindowsPowerShell\\v1.0\\;C:\\Program Files (x86)\\Git\\cmd;C:\\Program Files (x86)\\SSH Communications Security\\SSH Secure Shell;C:\\xampp\\php;'
    'SystemRoot' => 'C:\\WINDOWS'
    'COMSPEC' => 'C:\\WINDOWS\\system32\\cmd.exe'
    'PATHEXT' => '.COM;.EXE;.BAT;.CMD;.VBS;.VBE;.JS;.JSE;.WSF;.WSH;.MSC'
    'WINDIR' => 'C:\\WINDOWS'
    'SERVER_SIGNATURE' => '<address>Apache/2.4.10 (Win32) OpenSSL/1.0.1i PHP/5.6.3 Server at localhost Port 80</address>
'
    'SERVER_SOFTWARE' => 'Apache/2.4.10 (Win32) OpenSSL/1.0.1i PHP/5.6.3'
    'SERVER_NAME' => 'localhost'
    'SERVER_ADDR' => '::1'
    'SERVER_PORT' => '80'
    'REMOTE_ADDR' => '::1'
    'DOCUMENT_ROOT' => 'C:/xampp/htdocs'
    'REQUEST_SCHEME' => 'http'
    'CONTEXT_PREFIX' => ''
    'CONTEXT_DOCUMENT_ROOT' => 'C:/xampp/htdocs'
    'SERVER_ADMIN' => 'postmaster@localhost'
    'SCRIPT_FILENAME' => 'C:/xampp/htdocs/iweb/web/index.php'
    'REMOTE_PORT' => '55556'
    'REDIRECT_URL' => '/iweb/web/css/fontface.css'
    'GATEWAY_INTERFACE' => 'CGI/1.1'
    'SERVER_PROTOCOL' => 'HTTP/1.1'
    'REQUEST_METHOD' => 'GET'
    'QUERY_STRING' => ''
    'REQUEST_URI' => '/iweb/web/css/fontface.css'
    'SCRIPT_NAME' => '/iweb/web/index.php'
    'PHP_SELF' => '/iweb/web/index.php'
    'REQUEST_TIME_FLOAT' => 1437968079.94
    'REQUEST_TIME' => 1437968079
]
2015-07-27 05:34:53 [::1][-][-][error][yii\web\HttpException:404] exception 'yii\base\InvalidRouteException' with message 'Unable to resolve the request "css/fontface.css".' in C:\xampp\htdocs\iweb\vendor\yiisoft\yii2\base\Module.php:461
Stack trace:
#0 C:\xampp\htdocs\iweb\vendor\yiisoft\yii2\web\Application.php(84): yii\base\Module->runAction('css/fontface.cs...', Array)
#1 C:\xampp\htdocs\iweb\vendor\yiisoft\yii2\base\Application.php(375): yii\web\Application->handleRequest(Object(yii\web\Request))
#2 C:\xampp\htdocs\iweb\web\index.php(12): yii\base\Application->run()
#3 {main}

Next exception 'yii\web\NotFoundHttpException' with message 'Page not found.' in C:\xampp\htdocs\iweb\vendor\yiisoft\yii2\web\Application.php:96
Stack trace:
#0 C:\xampp\htdocs\iweb\vendor\yiisoft\yii2\base\Application.php(375): yii\web\Application->handleRequest(Object(yii\web\Request))
#1 C:\xampp\htdocs\iweb\web\index.php(12): yii\base\Application->run()
#2 {main}
2015-07-27 05:34:53 [::1][-][-][info][application] $_COOKIE = [
    '_ga' => 'GA1.1.1383994175.1437452376'
    'KCFINDER_showname' => 'on'
    'KCFINDER_showsize' => 'off'
    'KCFINDER_showtime' => 'off'
    'KCFINDER_order' => 'name'
    'KCFINDER_orderDesc' => 'off'
    'KCFINDER_view' => 'thumbs'
    'KCFINDER_displaySettings' => 'on'
    '_csrf' => 'db51a03dea988c65067cc0d6712f6f1491fb548727c7c9947c6f4c5e8a33b0eba:2:{i:0;s:5:\"_csrf\";i:1;s:32:\"AISFhRgJNiMbBKwGDIpvTTehupONTs5f\";}'
]

$_SERVER = [
    'REDIRECT_MIBDIRS' => 'C:/xampp/php/extras/mibs'
    'REDIRECT_MYSQL_HOME' => '\\xampp\\mysql\\bin'
    'REDIRECT_OPENSSL_CONF' => 'C:/xampp/apache/bin/openssl.cnf'
    'REDIRECT_PHP_PEAR_SYSCONF_DIR' => '\\xampp\\php'
    'REDIRECT_PHPRC' => '\\xampp\\php'
    'REDIRECT_TMP' => '\\xampp\\tmp'
    'REDIRECT_STATUS' => '200'
    'MIBDIRS' => 'C:/xampp/php/extras/mibs'
    'MYSQL_HOME' => '\\xampp\\mysql\\bin'
    'OPENSSL_CONF' => 'C:/xampp/apache/bin/openssl.cnf'
    'PHP_PEAR_SYSCONF_DIR' => '\\xampp\\php'
    'PHPRC' => '\\xampp\\php'
    'TMP' => '\\xampp\\tmp'
    'HTTP_HOST' => 'localhost'
    'HTTP_USER_AGENT' => 'Mozilla/5.0 (Windows NT 10.0; WOW64; rv:39.0) Gecko/20100101 Firefox/39.0'
    'HTTP_ACCEPT' => 'text/css,*/*;q=0.1'
    'HTTP_ACCEPT_LANGUAGE' => 'en-US,en;q=0.5'
    'HTTP_ACCEPT_ENCODING' => 'gzip, deflate'
    'HTTP_REFERER' => 'http://localhost/iweb/web/css/site.css'
    'HTTP_COOKIE' => '_ga=GA1.1.1383994175.1437452376; KCFINDER_showname=on; KCFINDER_showsize=off; KCFINDER_showtime=off; KCFINDER_order=name; KCFINDER_orderDesc=off; KCFINDER_view=thumbs; KCFINDER_displaySettings=on; _csrf=db51a03dea988c65067cc0d6712f6f1491fb548727c7c9947c6f4c5e8a33b0eba%3A2%3A%7Bi%3A0%3Bs%3A5%3A%22_csrf%22%3Bi%3A1%3Bs%3A32%3A%22AISFhRgJNiMbBKwGDIpvTTehupONTs5f%22%3B%7D'
    'HTTP_CONNECTION' => 'keep-alive'
    'HTTP_CACHE_CONTROL' => 'max-age=0'
    'PATH' => 'C:\\ProgramData\\Oracle\\Java\\javapath;C:\\WINDOWS\\system32;C:\\WINDOWS;C:\\WINDOWS\\System32\\Wbem;C:\\WINDOWS\\System32\\WindowsPowerShell\\v1.0\\;C:\\Program Files (x86)\\Git\\cmd;C:\\Program Files (x86)\\SSH Communications Security\\SSH Secure Shell;C:\\xampp\\php;'
    'SystemRoot' => 'C:\\WINDOWS'
    'COMSPEC' => 'C:\\WINDOWS\\system32\\cmd.exe'
    'PATHEXT' => '.COM;.EXE;.BAT;.CMD;.VBS;.VBE;.JS;.JSE;.WSF;.WSH;.MSC'
    'WINDIR' => 'C:\\WINDOWS'
    'SERVER_SIGNATURE' => '<address>Apache/2.4.10 (Win32) OpenSSL/1.0.1i PHP/5.6.3 Server at localhost Port 80</address>
'
    'SERVER_SOFTWARE' => 'Apache/2.4.10 (Win32) OpenSSL/1.0.1i PHP/5.6.3'
    'SERVER_NAME' => 'localhost'
    'SERVER_ADDR' => '::1'
    'SERVER_PORT' => '80'
    'REMOTE_ADDR' => '::1'
    'DOCUMENT_ROOT' => 'C:/xampp/htdocs'
    'REQUEST_SCHEME' => 'http'
    'CONTEXT_PREFIX' => ''
    'CONTEXT_DOCUMENT_ROOT' => 'C:/xampp/htdocs'
    'SERVER_ADMIN' => 'postmaster@localhost'
    'SCRIPT_FILENAME' => 'C:/xampp/htdocs/iweb/web/index.php'
    'REMOTE_PORT' => '55565'
    'REDIRECT_URL' => '/iweb/web/css/fontface.css'
    'GATEWAY_INTERFACE' => 'CGI/1.1'
    'SERVER_PROTOCOL' => 'HTTP/1.1'
    'REQUEST_METHOD' => 'GET'
    'QUERY_STRING' => ''
    'REQUEST_URI' => '/iweb/web/css/fontface.css'
    'SCRIPT_NAME' => '/iweb/web/index.php'
    'PHP_SELF' => '/iweb/web/index.php'
    'REQUEST_TIME_FLOAT' => 1437968093.425
    'REQUEST_TIME' => 1437968093
]
2015-07-27 05:35:34 [::1][-][-][error][yii\web\HttpException:404] exception 'yii\base\InvalidRouteException' with message 'Unable to resolve the request "css/fontface.css".' in C:\xampp\htdocs\iweb\vendor\yiisoft\yii2\base\Module.php:461
Stack trace:
#0 C:\xampp\htdocs\iweb\vendor\yiisoft\yii2\web\Application.php(84): yii\base\Module->runAction('css/fontface.cs...', Array)
#1 C:\xampp\htdocs\iweb\vendor\yiisoft\yii2\base\Application.php(375): yii\web\Application->handleRequest(Object(yii\web\Request))
#2 C:\xampp\htdocs\iweb\web\index.php(12): yii\base\Application->run()
#3 {main}

Next exception 'yii\web\NotFoundHttpException' with message 'Page not found.' in C:\xampp\htdocs\iweb\vendor\yiisoft\yii2\web\Application.php:96
Stack trace:
#0 C:\xampp\htdocs\iweb\vendor\yiisoft\yii2\base\Application.php(375): yii\web\Application->handleRequest(Object(yii\web\Request))
#1 C:\xampp\htdocs\iweb\web\index.php(12): yii\base\Application->run()
#2 {main}
2015-07-27 05:35:34 [::1][-][-][info][application] $_COOKIE = [
    '_ga' => 'GA1.1.1383994175.1437452376'
    'KCFINDER_showname' => 'on'
    'KCFINDER_showsize' => 'off'
    'KCFINDER_showtime' => 'off'
    'KCFINDER_order' => 'name'
    'KCFINDER_orderDesc' => 'off'
    'KCFINDER_view' => 'thumbs'
    'KCFINDER_displaySettings' => 'on'
    '_csrf' => 'db51a03dea988c65067cc0d6712f6f1491fb548727c7c9947c6f4c5e8a33b0eba:2:{i:0;s:5:\"_csrf\";i:1;s:32:\"AISFhRgJNiMbBKwGDIpvTTehupONTs5f\";}'
]

$_SERVER = [
    'REDIRECT_MIBDIRS' => 'C:/xampp/php/extras/mibs'
    'REDIRECT_MYSQL_HOME' => '\\xampp\\mysql\\bin'
    'REDIRECT_OPENSSL_CONF' => 'C:/xampp/apache/bin/openssl.cnf'
    'REDIRECT_PHP_PEAR_SYSCONF_DIR' => '\\xampp\\php'
    'REDIRECT_PHPRC' => '\\xampp\\php'
    'REDIRECT_TMP' => '\\xampp\\tmp'
    'REDIRECT_STATUS' => '200'
    'MIBDIRS' => 'C:/xampp/php/extras/mibs'
    'MYSQL_HOME' => '\\xampp\\mysql\\bin'
    'OPENSSL_CONF' => 'C:/xampp/apache/bin/openssl.cnf'
    'PHP_PEAR_SYSCONF_DIR' => '\\xampp\\php'
    'PHPRC' => '\\xampp\\php'
    'TMP' => '\\xampp\\tmp'
    'HTTP_HOST' => 'localhost'
    'HTTP_USER_AGENT' => 'Mozilla/5.0 (Windows NT 10.0; WOW64; rv:39.0) Gecko/20100101 Firefox/39.0'
    'HTTP_ACCEPT' => 'text/css,*/*;q=0.1'
    'HTTP_ACCEPT_LANGUAGE' => 'en-US,en;q=0.5'
    'HTTP_ACCEPT_ENCODING' => 'gzip, deflate'
    'HTTP_REFERER' => 'http://localhost/iweb/web/css/site.css'
    'HTTP_COOKIE' => '_ga=GA1.1.1383994175.1437452376; KCFINDER_showname=on; KCFINDER_showsize=off; KCFINDER_showtime=off; KCFINDER_order=name; KCFINDER_orderDesc=off; KCFINDER_view=thumbs; KCFINDER_displaySettings=on; _csrf=db51a03dea988c65067cc0d6712f6f1491fb548727c7c9947c6f4c5e8a33b0eba%3A2%3A%7Bi%3A0%3Bs%3A5%3A%22_csrf%22%3Bi%3A1%3Bs%3A32%3A%22AISFhRgJNiMbBKwGDIpvTTehupONTs5f%22%3B%7D'
    'HTTP_CONNECTION' => 'keep-alive'
    'HTTP_CACHE_CONTROL' => 'max-age=0'
    'PATH' => 'C:\\ProgramData\\Oracle\\Java\\javapath;C:\\WINDOWS\\system32;C:\\WINDOWS;C:\\WINDOWS\\System32\\Wbem;C:\\WINDOWS\\System32\\WindowsPowerShell\\v1.0\\;C:\\Program Files (x86)\\Git\\cmd;C:\\Program Files (x86)\\SSH Communications Security\\SSH Secure Shell;C:\\xampp\\php;'
    'SystemRoot' => 'C:\\WINDOWS'
    'COMSPEC' => 'C:\\WINDOWS\\system32\\cmd.exe'
    'PATHEXT' => '.COM;.EXE;.BAT;.CMD;.VBS;.VBE;.JS;.JSE;.WSF;.WSH;.MSC'
    'WINDIR' => 'C:\\WINDOWS'
    'SERVER_SIGNATURE' => '<address>Apache/2.4.10 (Win32) OpenSSL/1.0.1i PHP/5.6.3 Server at localhost Port 80</address>
'
    'SERVER_SOFTWARE' => 'Apache/2.4.10 (Win32) OpenSSL/1.0.1i PHP/5.6.3'
    'SERVER_NAME' => 'localhost'
    'SERVER_ADDR' => '::1'
    'SERVER_PORT' => '80'
    'REMOTE_ADDR' => '::1'
    'DOCUMENT_ROOT' => 'C:/xampp/htdocs'
    'REQUEST_SCHEME' => 'http'
    'CONTEXT_PREFIX' => ''
    'CONTEXT_DOCUMENT_ROOT' => 'C:/xampp/htdocs'
    'SERVER_ADMIN' => 'postmaster@localhost'
    'SCRIPT_FILENAME' => 'C:/xampp/htdocs/iweb/web/index.php'
    'REMOTE_PORT' => '55573'
    'REDIRECT_URL' => '/iweb/web/css/fontface.css'
    'GATEWAY_INTERFACE' => 'CGI/1.1'
    'SERVER_PROTOCOL' => 'HTTP/1.1'
    'REQUEST_METHOD' => 'GET'
    'QUERY_STRING' => ''
    'REQUEST_URI' => '/iweb/web/css/fontface.css'
    'SCRIPT_NAME' => '/iweb/web/index.php'
    'PHP_SELF' => '/iweb/web/index.php'
    'REQUEST_TIME_FLOAT' => 1437968134.818
    'REQUEST_TIME' => 1437968134
]
2015-07-27 05:36:00 [::1][-][-][error][yii\web\HttpException:404] exception 'yii\base\InvalidRouteException' with message 'Unable to resolve the request "css/fontface.css".' in C:\xampp\htdocs\iweb\vendor\yiisoft\yii2\base\Module.php:461
Stack trace:
#0 C:\xampp\htdocs\iweb\vendor\yiisoft\yii2\web\Application.php(84): yii\base\Module->runAction('css/fontface.cs...', Array)
#1 C:\xampp\htdocs\iweb\vendor\yiisoft\yii2\base\Application.php(375): yii\web\Application->handleRequest(Object(yii\web\Request))
#2 C:\xampp\htdocs\iweb\web\index.php(12): yii\base\Application->run()
#3 {main}

Next exception 'yii\web\NotFoundHttpException' with message 'Page not found.' in C:\xampp\htdocs\iweb\vendor\yiisoft\yii2\web\Application.php:96
Stack trace:
#0 C:\xampp\htdocs\iweb\vendor\yiisoft\yii2\base\Application.php(375): yii\web\Application->handleRequest(Object(yii\web\Request))
#1 C:\xampp\htdocs\iweb\web\index.php(12): yii\base\Application->run()
#2 {main}
2015-07-27 05:36:00 [::1][-][-][info][application] $_COOKIE = [
    '_ga' => 'GA1.1.1383994175.1437452376'
    'KCFINDER_showname' => 'on'
    'KCFINDER_showsize' => 'off'
    'KCFINDER_showtime' => 'off'
    'KCFINDER_order' => 'name'
    'KCFINDER_orderDesc' => 'off'
    'KCFINDER_view' => 'thumbs'
    'KCFINDER_displaySettings' => 'on'
    '_csrf' => 'db51a03dea988c65067cc0d6712f6f1491fb548727c7c9947c6f4c5e8a33b0eba:2:{i:0;s:5:\"_csrf\";i:1;s:32:\"AISFhRgJNiMbBKwGDIpvTTehupONTs5f\";}'
]

$_SERVER = [
    'REDIRECT_MIBDIRS' => 'C:/xampp/php/extras/mibs'
    'REDIRECT_MYSQL_HOME' => '\\xampp\\mysql\\bin'
    'REDIRECT_OPENSSL_CONF' => 'C:/xampp/apache/bin/openssl.cnf'
    'REDIRECT_PHP_PEAR_SYSCONF_DIR' => '\\xampp\\php'
    'REDIRECT_PHPRC' => '\\xampp\\php'
    'REDIRECT_TMP' => '\\xampp\\tmp'
    'REDIRECT_STATUS' => '200'
    'MIBDIRS' => 'C:/xampp/php/extras/mibs'
    'MYSQL_HOME' => '\\xampp\\mysql\\bin'
    'OPENSSL_CONF' => 'C:/xampp/apache/bin/openssl.cnf'
    'PHP_PEAR_SYSCONF_DIR' => '\\xampp\\php'
    'PHPRC' => '\\xampp\\php'
    'TMP' => '\\xampp\\tmp'
    'HTTP_HOST' => 'localhost'
    'HTTP_USER_AGENT' => 'Mozilla/5.0 (Windows NT 10.0; WOW64; rv:39.0) Gecko/20100101 Firefox/39.0'
    'HTTP_ACCEPT' => 'text/css,*/*;q=0.1'
    'HTTP_ACCEPT_LANGUAGE' => 'en-US,en;q=0.5'
    'HTTP_ACCEPT_ENCODING' => 'gzip, deflate'
    'HTTP_REFERER' => 'http://localhost/iweb/web/css/site.css'
    'HTTP_COOKIE' => '_ga=GA1.1.1383994175.1437452376; KCFINDER_showname=on; KCFINDER_showsize=off; KCFINDER_showtime=off; KCFINDER_order=name; KCFINDER_orderDesc=off; KCFINDER_view=thumbs; KCFINDER_displaySettings=on; _csrf=db51a03dea988c65067cc0d6712f6f1491fb548727c7c9947c6f4c5e8a33b0eba%3A2%3A%7Bi%3A0%3Bs%3A5%3A%22_csrf%22%3Bi%3A1%3Bs%3A32%3A%22AISFhRgJNiMbBKwGDIpvTTehupONTs5f%22%3B%7D'
    'HTTP_CONNECTION' => 'keep-alive'
    'HTTP_CACHE_CONTROL' => 'max-age=0'
    'PATH' => 'C:\\ProgramData\\Oracle\\Java\\javapath;C:\\WINDOWS\\system32;C:\\WINDOWS;C:\\WINDOWS\\System32\\Wbem;C:\\WINDOWS\\System32\\WindowsPowerShell\\v1.0\\;C:\\Program Files (x86)\\Git\\cmd;C:\\Program Files (x86)\\SSH Communications Security\\SSH Secure Shell;C:\\xampp\\php;'
    'SystemRoot' => 'C:\\WINDOWS'
    'COMSPEC' => 'C:\\WINDOWS\\system32\\cmd.exe'
    'PATHEXT' => '.COM;.EXE;.BAT;.CMD;.VBS;.VBE;.JS;.JSE;.WSF;.WSH;.MSC'
    'WINDIR' => 'C:\\WINDOWS'
    'SERVER_SIGNATURE' => '<address>Apache/2.4.10 (Win32) OpenSSL/1.0.1i PHP/5.6.3 Server at localhost Port 80</address>
'
    'SERVER_SOFTWARE' => 'Apache/2.4.10 (Win32) OpenSSL/1.0.1i PHP/5.6.3'
    'SERVER_NAME' => 'localhost'
    'SERVER_ADDR' => '::1'
    'SERVER_PORT' => '80'
    'REMOTE_ADDR' => '::1'
    'DOCUMENT_ROOT' => 'C:/xampp/htdocs'
    'REQUEST_SCHEME' => 'http'
    'CONTEXT_PREFIX' => ''
    'CONTEXT_DOCUMENT_ROOT' => 'C:/xampp/htdocs'
    'SERVER_ADMIN' => 'postmaster@localhost'
    'SCRIPT_FILENAME' => 'C:/xampp/htdocs/iweb/web/index.php'
    'REMOTE_PORT' => '55581'
    'REDIRECT_URL' => '/iweb/web/css/fontface.css'
    'GATEWAY_INTERFACE' => 'CGI/1.1'
    'SERVER_PROTOCOL' => 'HTTP/1.1'
    'REQUEST_METHOD' => 'GET'
    'QUERY_STRING' => ''
    'REQUEST_URI' => '/iweb/web/css/fontface.css'
    'SCRIPT_NAME' => '/iweb/web/index.php'
    'PHP_SELF' => '/iweb/web/index.php'
    'REQUEST_TIME_FLOAT' => 1437968160.679
    'REQUEST_TIME' => 1437968160
]
2015-07-27 05:36:09 [::1][-][-][error][yii\web\HttpException:404] exception 'yii\base\InvalidRouteException' with message 'Unable to resolve the request "css/fontface.css".' in C:\xampp\htdocs\iweb\vendor\yiisoft\yii2\base\Module.php:461
Stack trace:
#0 C:\xampp\htdocs\iweb\vendor\yiisoft\yii2\web\Application.php(84): yii\base\Module->runAction('css/fontface.cs...', Array)
#1 C:\xampp\htdocs\iweb\vendor\yiisoft\yii2\base\Application.php(375): yii\web\Application->handleRequest(Object(yii\web\Request))
#2 C:\xampp\htdocs\iweb\web\index.php(12): yii\base\Application->run()
#3 {main}

Next exception 'yii\web\NotFoundHttpException' with message 'Page not found.' in C:\xampp\htdocs\iweb\vendor\yiisoft\yii2\web\Application.php:96
Stack trace:
#0 C:\xampp\htdocs\iweb\vendor\yiisoft\yii2\base\Application.php(375): yii\web\Application->handleRequest(Object(yii\web\Request))
#1 C:\xampp\htdocs\iweb\web\index.php(12): yii\base\Application->run()
#2 {main}
2015-07-27 05:36:09 [::1][-][-][info][application] $_COOKIE = [
    '_ga' => 'GA1.1.1383994175.1437452376'
    'KCFINDER_showname' => 'on'
    'KCFINDER_showsize' => 'off'
    'KCFINDER_showtime' => 'off'
    'KCFINDER_order' => 'name'
    'KCFINDER_orderDesc' => 'off'
    'KCFINDER_view' => 'thumbs'
    'KCFINDER_displaySettings' => 'on'
    '_csrf' => 'db51a03dea988c65067cc0d6712f6f1491fb548727c7c9947c6f4c5e8a33b0eba:2:{i:0;s:5:\"_csrf\";i:1;s:32:\"AISFhRgJNiMbBKwGDIpvTTehupONTs5f\";}'
]

$_SERVER = [
    'REDIRECT_MIBDIRS' => 'C:/xampp/php/extras/mibs'
    'REDIRECT_MYSQL_HOME' => '\\xampp\\mysql\\bin'
    'REDIRECT_OPENSSL_CONF' => 'C:/xampp/apache/bin/openssl.cnf'
    'REDIRECT_PHP_PEAR_SYSCONF_DIR' => '\\xampp\\php'
    'REDIRECT_PHPRC' => '\\xampp\\php'
    'REDIRECT_TMP' => '\\xampp\\tmp'
    'REDIRECT_STATUS' => '200'
    'MIBDIRS' => 'C:/xampp/php/extras/mibs'
    'MYSQL_HOME' => '\\xampp\\mysql\\bin'
    'OPENSSL_CONF' => 'C:/xampp/apache/bin/openssl.cnf'
    'PHP_PEAR_SYSCONF_DIR' => '\\xampp\\php'
    'PHPRC' => '\\xampp\\php'
    'TMP' => '\\xampp\\tmp'
    'HTTP_HOST' => 'localhost'
    'HTTP_USER_AGENT' => 'Mozilla/5.0 (Windows NT 10.0; WOW64; rv:39.0) Gecko/20100101 Firefox/39.0'
    'HTTP_ACCEPT' => 'text/css,*/*;q=0.1'
    'HTTP_ACCEPT_LANGUAGE' => 'en-US,en;q=0.5'
    'HTTP_ACCEPT_ENCODING' => 'gzip, deflate'
    'HTTP_REFERER' => 'http://localhost/iweb/web/css/site.css'
    'HTTP_COOKIE' => '_ga=GA1.1.1383994175.1437452376; KCFINDER_showname=on; KCFINDER_showsize=off; KCFINDER_showtime=off; KCFINDER_order=name; KCFINDER_orderDesc=off; KCFINDER_view=thumbs; KCFINDER_displaySettings=on; _csrf=db51a03dea988c65067cc0d6712f6f1491fb548727c7c9947c6f4c5e8a33b0eba%3A2%3A%7Bi%3A0%3Bs%3A5%3A%22_csrf%22%3Bi%3A1%3Bs%3A32%3A%22AISFhRgJNiMbBKwGDIpvTTehupONTs5f%22%3B%7D'
    'HTTP_CONNECTION' => 'keep-alive'
    'HTTP_CACHE_CONTROL' => 'max-age=0'
    'PATH' => 'C:\\ProgramData\\Oracle\\Java\\javapath;C:\\WINDOWS\\system32;C:\\WINDOWS;C:\\WINDOWS\\System32\\Wbem;C:\\WINDOWS\\System32\\WindowsPowerShell\\v1.0\\;C:\\Program Files (x86)\\Git\\cmd;C:\\Program Files (x86)\\SSH Communications Security\\SSH Secure Shell;C:\\xampp\\php;'
    'SystemRoot' => 'C:\\WINDOWS'
    'COMSPEC' => 'C:\\WINDOWS\\system32\\cmd.exe'
    'PATHEXT' => '.COM;.EXE;.BAT;.CMD;.VBS;.VBE;.JS;.JSE;.WSF;.WSH;.MSC'
    'WINDIR' => 'C:\\WINDOWS'
    'SERVER_SIGNATURE' => '<address>Apache/2.4.10 (Win32) OpenSSL/1.0.1i PHP/5.6.3 Server at localhost Port 80</address>
'
    'SERVER_SOFTWARE' => 'Apache/2.4.10 (Win32) OpenSSL/1.0.1i PHP/5.6.3'
    'SERVER_NAME' => 'localhost'
    'SERVER_ADDR' => '::1'
    'SERVER_PORT' => '80'
    'REMOTE_ADDR' => '::1'
    'DOCUMENT_ROOT' => 'C:/xampp/htdocs'
    'REQUEST_SCHEME' => 'http'
    'CONTEXT_PREFIX' => ''
    'CONTEXT_DOCUMENT_ROOT' => 'C:/xampp/htdocs'
    'SERVER_ADMIN' => 'postmaster@localhost'
    'SCRIPT_FILENAME' => 'C:/xampp/htdocs/iweb/web/index.php'
    'REMOTE_PORT' => '55591'
    'REDIRECT_URL' => '/iweb/web/css/fontface.css'
    'GATEWAY_INTERFACE' => 'CGI/1.1'
    'SERVER_PROTOCOL' => 'HTTP/1.1'
    'REQUEST_METHOD' => 'GET'
    'QUERY_STRING' => ''
    'REQUEST_URI' => '/iweb/web/css/fontface.css'
    'SCRIPT_NAME' => '/iweb/web/index.php'
    'PHP_SELF' => '/iweb/web/index.php'
    'REQUEST_TIME_FLOAT' => 1437968169.375
    'REQUEST_TIME' => 1437968169
]
2015-07-27 05:38:21 [::1][-][-][error][yii\web\HttpException:404] exception 'yii\base\InvalidRouteException' with message 'Unable to resolve the request "images/logo_th-TH.png".' in C:\xampp\htdocs\iweb\vendor\yiisoft\yii2\base\Module.php:461
Stack trace:
#0 C:\xampp\htdocs\iweb\vendor\yiisoft\yii2\web\Application.php(84): yii\base\Module->runAction('images/logo_th-...', Array)
#1 C:\xampp\htdocs\iweb\vendor\yiisoft\yii2\base\Application.php(375): yii\web\Application->handleRequest(Object(yii\web\Request))
#2 C:\xampp\htdocs\iweb\web\jat\index.php(13): yii\base\Application->run()
#3 {main}

Next exception 'yii\web\NotFoundHttpException' with message 'Page not found.' in C:\xampp\htdocs\iweb\vendor\yiisoft\yii2\web\Application.php:96
Stack trace:
#0 C:\xampp\htdocs\iweb\vendor\yiisoft\yii2\base\Application.php(375): yii\web\Application->handleRequest(Object(yii\web\Request))
#1 C:\xampp\htdocs\iweb\web\jat\index.php(13): yii\base\Application->run()
#2 {main}
2015-07-27 05:38:21 [::1][-][-][info][application] $_COOKIE = [
    '_ga' => 'GA1.1.1383994175.1437452376'
    'KCFINDER_showname' => 'on'
    'KCFINDER_showsize' => 'off'
    'KCFINDER_showtime' => 'off'
    'KCFINDER_order' => 'name'
    'KCFINDER_orderDesc' => 'off'
    'KCFINDER_view' => 'thumbs'
    'KCFINDER_displaySettings' => 'on'
    '_csrf' => 'db51a03dea988c65067cc0d6712f6f1491fb548727c7c9947c6f4c5e8a33b0eba:2:{i:0;s:5:\"_csrf\";i:1;s:32:\"AISFhRgJNiMbBKwGDIpvTTehupONTs5f\";}'
]

$_SERVER = [
    'REDIRECT_MIBDIRS' => 'C:/xampp/php/extras/mibs'
    'REDIRECT_MYSQL_HOME' => '\\xampp\\mysql\\bin'
    'REDIRECT_OPENSSL_CONF' => 'C:/xampp/apache/bin/openssl.cnf'
    'REDIRECT_PHP_PEAR_SYSCONF_DIR' => '\\xampp\\php'
    'REDIRECT_PHPRC' => '\\xampp\\php'
    'REDIRECT_TMP' => '\\xampp\\tmp'
    'REDIRECT_STATUS' => '200'
    'MIBDIRS' => 'C:/xampp/php/extras/mibs'
    'MYSQL_HOME' => '\\xampp\\mysql\\bin'
    'OPENSSL_CONF' => 'C:/xampp/apache/bin/openssl.cnf'
    'PHP_PEAR_SYSCONF_DIR' => '\\xampp\\php'
    'PHPRC' => '\\xampp\\php'
    'TMP' => '\\xampp\\tmp'
    'HTTP_HOST' => 'localhost'
    'HTTP_USER_AGENT' => 'Mozilla/5.0 (Windows NT 10.0; WOW64; rv:39.0) Gecko/20100101 Firefox/39.0'
    'HTTP_ACCEPT' => 'image/png,image/*;q=0.8,*/*;q=0.5'
    'HTTP_ACCEPT_LANGUAGE' => 'en-US,en;q=0.5'
    'HTTP_ACCEPT_ENCODING' => 'gzip, deflate'
    'HTTP_REFERER' => 'http://localhost/iweb/web/jat/'
    'HTTP_COOKIE' => '_ga=GA1.1.1383994175.1437452376; KCFINDER_showname=on; KCFINDER_showsize=off; KCFINDER_showtime=off; KCFINDER_order=name; KCFINDER_orderDesc=off; KCFINDER_view=thumbs; KCFINDER_displaySettings=on; _csrf=db51a03dea988c65067cc0d6712f6f1491fb548727c7c9947c6f4c5e8a33b0eba%3A2%3A%7Bi%3A0%3Bs%3A5%3A%22_csrf%22%3Bi%3A1%3Bs%3A32%3A%22AISFhRgJNiMbBKwGDIpvTTehupONTs5f%22%3B%7D'
    'HTTP_CONNECTION' => 'keep-alive'
    'PATH' => 'C:\\ProgramData\\Oracle\\Java\\javapath;C:\\WINDOWS\\system32;C:\\WINDOWS;C:\\WINDOWS\\System32\\Wbem;C:\\WINDOWS\\System32\\WindowsPowerShell\\v1.0\\;C:\\Program Files (x86)\\Git\\cmd;C:\\Program Files (x86)\\SSH Communications Security\\SSH Secure Shell;C:\\xampp\\php;'
    'SystemRoot' => 'C:\\WINDOWS'
    'COMSPEC' => 'C:\\WINDOWS\\system32\\cmd.exe'
    'PATHEXT' => '.COM;.EXE;.BAT;.CMD;.VBS;.VBE;.JS;.JSE;.WSF;.WSH;.MSC'
    'WINDIR' => 'C:\\WINDOWS'
    'SERVER_SIGNATURE' => '<address>Apache/2.4.10 (Win32) OpenSSL/1.0.1i PHP/5.6.3 Server at localhost Port 80</address>
'
    'SERVER_SOFTWARE' => 'Apache/2.4.10 (Win32) OpenSSL/1.0.1i PHP/5.6.3'
    'SERVER_NAME' => 'localhost'
    'SERVER_ADDR' => '::1'
    'SERVER_PORT' => '80'
    'REMOTE_ADDR' => '::1'
    'DOCUMENT_ROOT' => 'C:/xampp/htdocs'
    'REQUEST_SCHEME' => 'http'
    'CONTEXT_PREFIX' => ''
    'CONTEXT_DOCUMENT_ROOT' => 'C:/xampp/htdocs'
    'SERVER_ADMIN' => 'postmaster@localhost'
    'SCRIPT_FILENAME' => 'C:/xampp/htdocs/iweb/web/jat/index.php'
    'REMOTE_PORT' => '55621'
    'REDIRECT_URL' => '/iweb/web/jat/images/logo_th-TH.png'
    'GATEWAY_INTERFACE' => 'CGI/1.1'
    'SERVER_PROTOCOL' => 'HTTP/1.1'
    'REQUEST_METHOD' => 'GET'
    'QUERY_STRING' => ''
    'REQUEST_URI' => '/iweb/web/jat/images/logo_th-TH.png'
    'SCRIPT_NAME' => '/iweb/web/jat/index.php'
    'PHP_SELF' => '/iweb/web/jat/index.php'
    'REQUEST_TIME_FLOAT' => 1437968301.485
    'REQUEST_TIME' => 1437968301
]
2015-07-27 09:47:30 [::1][-][-][error][yii\base\ErrorException:1] exception 'yii\base\ErrorException' with message 'Class 'ActiveForm' not found' in C:\xampp\htdocs\iweb\views\layouts\main.php:57
Stack trace:
#0 [internal function]: yii\base\ErrorHandler->handleFatalError()
#1 {main}
2015-07-27 09:47:30 [::1][-][-][info][application] $_COOKIE = [
    '_ga' => 'GA1.1.1383994175.1437452376'
    'KCFINDER_showname' => 'on'
    'KCFINDER_showsize' => 'off'
    'KCFINDER_showtime' => 'off'
    'KCFINDER_order' => 'name'
    'KCFINDER_orderDesc' => 'off'
    'KCFINDER_view' => 'thumbs'
    'KCFINDER_displaySettings' => 'on'
    '_csrf' => 'db51a03dea988c65067cc0d6712f6f1491fb548727c7c9947c6f4c5e8a33b0eba:2:{i:0;s:5:\"_csrf\";i:1;s:32:\"AISFhRgJNiMbBKwGDIpvTTehupONTs5f\";}'
]

$_SERVER = [
    'REDIRECT_MIBDIRS' => 'C:/xampp/php/extras/mibs'
    'REDIRECT_MYSQL_HOME' => '\\xampp\\mysql\\bin'
    'REDIRECT_OPENSSL_CONF' => 'C:/xampp/apache/bin/openssl.cnf'
    'REDIRECT_PHP_PEAR_SYSCONF_DIR' => '\\xampp\\php'
    'REDIRECT_PHPRC' => '\\xampp\\php'
    'REDIRECT_TMP' => '\\xampp\\tmp'
    'REDIRECT_STATUS' => '200'
    'MIBDIRS' => 'C:/xampp/php/extras/mibs'
    'MYSQL_HOME' => '\\xampp\\mysql\\bin'
    'OPENSSL_CONF' => 'C:/xampp/apache/bin/openssl.cnf'
    'PHP_PEAR_SYSCONF_DIR' => '\\xampp\\php'
    'PHPRC' => '\\xampp\\php'
    'TMP' => '\\xampp\\tmp'
    'HTTP_HOST' => 'localhost'
    'HTTP_USER_AGENT' => 'Mozilla/5.0 (Windows NT 10.0; WOW64; rv:39.0) Gecko/20100101 Firefox/39.0'
    'HTTP_ACCEPT' => 'text/html,application/xhtml+xml,application/xml;q=0.9,*/*;q=0.8'
    'HTTP_ACCEPT_LANGUAGE' => 'en-US,en;q=0.5'
    'HTTP_ACCEPT_ENCODING' => 'gzip, deflate'
    'HTTP_COOKIE' => '_ga=GA1.1.1383994175.1437452376; KCFINDER_showname=on; KCFINDER_showsize=off; KCFINDER_showtime=off; KCFINDER_order=name; KCFINDER_orderDesc=off; KCFINDER_view=thumbs; KCFINDER_displaySettings=on; _csrf=db51a03dea988c65067cc0d6712f6f1491fb548727c7c9947c6f4c5e8a33b0eba%3A2%3A%7Bi%3A0%3Bs%3A5%3A%22_csrf%22%3Bi%3A1%3Bs%3A32%3A%22AISFhRgJNiMbBKwGDIpvTTehupONTs5f%22%3B%7D'
    'HTTP_CONNECTION' => 'keep-alive'
    'HTTP_CACHE_CONTROL' => 'max-age=0'
    'PATH' => 'C:\\ProgramData\\Oracle\\Java\\javapath;C:\\WINDOWS\\system32;C:\\WINDOWS;C:\\WINDOWS\\System32\\Wbem;C:\\WINDOWS\\System32\\WindowsPowerShell\\v1.0\\;C:\\Program Files (x86)\\Git\\cmd;C:\\Program Files (x86)\\SSH Communications Security\\SSH Secure Shell;C:\\xampp\\php;'
    'SystemRoot' => 'C:\\WINDOWS'
    'COMSPEC' => 'C:\\WINDOWS\\system32\\cmd.exe'
    'PATHEXT' => '.COM;.EXE;.BAT;.CMD;.VBS;.VBE;.JS;.JSE;.WSF;.WSH;.MSC'
    'WINDIR' => 'C:\\WINDOWS'
    'SERVER_SIGNATURE' => '<address>Apache/2.4.10 (Win32) OpenSSL/1.0.1i PHP/5.6.3 Server at localhost Port 80</address>
'
    'SERVER_SOFTWARE' => 'Apache/2.4.10 (Win32) OpenSSL/1.0.1i PHP/5.6.3'
    'SERVER_NAME' => 'localhost'
    'SERVER_ADDR' => '::1'
    'SERVER_PORT' => '80'
    'REMOTE_ADDR' => '::1'
    'DOCUMENT_ROOT' => 'C:/xampp/htdocs'
    'REQUEST_SCHEME' => 'http'
    'CONTEXT_PREFIX' => ''
    'CONTEXT_DOCUMENT_ROOT' => 'C:/xampp/htdocs'
    'SERVER_ADMIN' => 'postmaster@localhost'
    'SCRIPT_FILENAME' => 'C:/xampp/htdocs/iweb/web/index.php'
    'REMOTE_PORT' => '57393'
    'REDIRECT_URL' => '/iweb/web/site/about'
    'GATEWAY_INTERFACE' => 'CGI/1.1'
    'SERVER_PROTOCOL' => 'HTTP/1.1'
    'REQUEST_METHOD' => 'GET'
    'QUERY_STRING' => ''
    'REQUEST_URI' => '/iweb/web/site/about'
    'SCRIPT_NAME' => '/iweb/web/index.php'
    'PHP_SELF' => '/iweb/web/index.php'
    'REQUEST_TIME_FLOAT' => 1437983250.879
    'REQUEST_TIME' => 1437983250
]
2015-07-30 05:19:28 [::1][-][-][error][yii\db\Exception] exception 'PDOException' with message 'SQLSTATE[HY000] [2002] A socket operation was attempted to an unreachable host.
' in C:\xampp\htdocs\mysite\vendor\yiisoft\yii2\db\Connection.php:579
Stack trace:
#0 C:\xampp\htdocs\mysite\vendor\yiisoft\yii2\db\Connection.php(579): PDO->__construct('mysql:host=10.0...', 'www57', '1q2w3e4r', NULL)
#1 C:\xampp\htdocs\mysite\vendor\yiisoft\yii2\db\Connection.php(529): yii\db\Connection->createPdoInstance()
#2 C:\xampp\htdocs\mysite\vendor\yiisoft\yii2\db\Connection.php(836): yii\db\Connection->open()
#3 C:\xampp\htdocs\mysite\vendor\yiisoft\yii2\db\Connection.php(823): yii\db\Connection->getMasterPdo()
#4 C:\xampp\htdocs\mysite\vendor\yiisoft\yii2\db\Command.php(206): yii\db\Connection->getSlavePdo()
#5 C:\xampp\htdocs\mysite\vendor\yiisoft\yii2\db\Command.php(819): yii\db\Command->prepare(true)
#6 C:\xampp\htdocs\mysite\vendor\yiisoft\yii2\db\Command.php(336): yii\db\Command->queryInternal('')
#7 C:\xampp\htdocs\mysite\models\Menus.php(200): yii\db\Command->query()
#8 C:\xampp\htdocs\mysite\views\layouts\main.php(74): app\models\Menus->listMenus(0, 0, 7)
#9 C:\xampp\htdocs\mysite\vendor\yiisoft\yii2\base\View.php(325): require('C:\\xampp\\htdocs...')
#10 C:\xampp\htdocs\mysite\vendor\yiisoft\yii2\base\View.php(247): yii\base\View->renderPhpFile('C:\\xampp\\htdocs...', Array)
#11 C:\xampp\htdocs\mysite\vendor\yiisoft\yii2\base\Controller.php(386): yii\base\View->renderFile('C:\\xampp\\htdocs...', Array, Object(app\controllers\SiteController))
#12 C:\xampp\htdocs\mysite\vendor\yiisoft\yii2\base\Controller.php(372): yii\base\Controller->renderContent('<div class="sit...')
#13 C:\xampp\htdocs\mysite\controllers\SiteController.php(52): yii\base\Controller->render('index')
#14 [internal function]: app\controllers\SiteController->actionIndex()
#15 C:\xampp\htdocs\mysite\vendor\yiisoft\yii2\base\InlineAction.php(55): call_user_func_array(Array, Array)
#16 C:\xampp\htdocs\mysite\vendor\yiisoft\yii2\base\Controller.php(151): yii\base\InlineAction->runWithParams(Array)
#17 C:\xampp\htdocs\mysite\vendor\yiisoft\yii2\base\Module.php(455): yii\base\Controller->runAction('', Array)
#18 C:\xampp\htdocs\mysite\vendor\yiisoft\yii2\web\Application.php(84): yii\base\Module->runAction('', Array)
#19 C:\xampp\htdocs\mysite\vendor\yiisoft\yii2\base\Application.php(375): yii\web\Application->handleRequest(Object(yii\web\Request))
#20 C:\xampp\htdocs\mysite\web\index.php(12): yii\base\Application->run()
#21 {main}

Next exception 'yii\db\Exception' with message 'SQLSTATE[HY000] [2002] A socket operation was attempted to an unreachable host.
' in C:\xampp\htdocs\mysite\vendor\yiisoft\yii2\db\Connection.php:534
Stack trace:
#0 C:\xampp\htdocs\mysite\vendor\yiisoft\yii2\db\Connection.php(836): yii\db\Connection->open()
#1 C:\xampp\htdocs\mysite\vendor\yiisoft\yii2\db\Connection.php(823): yii\db\Connection->getMasterPdo()
#2 C:\xampp\htdocs\mysite\vendor\yiisoft\yii2\db\Command.php(206): yii\db\Connection->getSlavePdo()
#3 C:\xampp\htdocs\mysite\vendor\yiisoft\yii2\db\Command.php(819): yii\db\Command->prepare(true)
#4 C:\xampp\htdocs\mysite\vendor\yiisoft\yii2\db\Command.php(336): yii\db\Command->queryInternal('')
#5 C:\xampp\htdocs\mysite\models\Menus.php(200): yii\db\Command->query()
#6 C:\xampp\htdocs\mysite\views\layouts\main.php(74): app\models\Menus->listMenus(0, 0, 7)
#7 C:\xampp\htdocs\mysite\vendor\yiisoft\yii2\base\View.php(325): require('C:\\xampp\\htdocs...')
#8 C:\xampp\htdocs\mysite\vendor\yiisoft\yii2\base\View.php(247): yii\base\View->renderPhpFile('C:\\xampp\\htdocs...', Array)
#9 C:\xampp\htdocs\mysite\vendor\yiisoft\yii2\base\Controller.php(386): yii\base\View->renderFile('C:\\xampp\\htdocs...', Array, Object(app\controllers\SiteController))
#10 C:\xampp\htdocs\mysite\vendor\yiisoft\yii2\base\Controller.php(372): yii\base\Controller->renderContent('<div class="sit...')
#11 C:\xampp\htdocs\mysite\controllers\SiteController.php(52): yii\base\Controller->render('index')
#12 [internal function]: app\controllers\SiteController->actionIndex()
#13 C:\xampp\htdocs\mysite\vendor\yiisoft\yii2\base\InlineAction.php(55): call_user_func_array(Array, Array)
#14 C:\xampp\htdocs\mysite\vendor\yiisoft\yii2\base\Controller.php(151): yii\base\InlineAction->runWithParams(Array)
#15 C:\xampp\htdocs\mysite\vendor\yiisoft\yii2\base\Module.php(455): yii\base\Controller->runAction('', Array)
#16 C:\xampp\htdocs\mysite\vendor\yiisoft\yii2\web\Application.php(84): yii\base\Module->runAction('', Array)
#17 C:\xampp\htdocs\mysite\vendor\yiisoft\yii2\base\Application.php(375): yii\web\Application->handleRequest(Object(yii\web\Request))
#18 C:\xampp\htdocs\mysite\web\index.php(12): yii\base\Application->run()
#19 {main}
Additional Information:

2015-07-30 05:19:28 [::1][-][-][info][application] $_COOKIE = [
    '_ga' => 'GA1.1.634536600.1438226305'
    '_gat' => '1'
]

$_SERVER = [
    'MIBDIRS' => 'C:/xampp/php/extras/mibs'
    'MYSQL_HOME' => '\\xampp\\mysql\\bin'
    'OPENSSL_CONF' => 'C:/xampp/apache/bin/openssl.cnf'
    'PHP_PEAR_SYSCONF_DIR' => '\\xampp\\php'
    'PHPRC' => '\\xampp\\php'
    'TMP' => '\\xampp\\tmp'
    'HTTP_HOST' => 'localhost'
    'HTTP_USER_AGENT' => 'Mozilla/5.0 (Windows NT 10.0; WOW64; rv:39.0) Gecko/20100101 Firefox/39.0'
    'HTTP_ACCEPT' => 'text/html,application/xhtml+xml,application/xml;q=0.9,*/*;q=0.8'
    'HTTP_ACCEPT_LANGUAGE' => 'en-US,en;q=0.5'
    'HTTP_ACCEPT_ENCODING' => 'gzip, deflate'
    'HTTP_REFERER' => 'http://localhost/mysite/'
    'HTTP_COOKIE' => '_ga=GA1.1.634536600.1438226305; _gat=1'
    'HTTP_CONNECTION' => 'keep-alive'
    'PATH' => 'C:\\ProgramData\\Oracle\\Java\\javapath;C:\\Windows\\system32;C:\\Windows;C:\\Windows\\System32\\Wbem;C:\\Windows\\System32\\WindowsPowerShell\\v1.0\\;C:\\Program Files (x86)\\ATI Technologies\\ATI.ACE\\Core-Static;C:\\Program Files (x86)\\SSH Communications Security\\SSH Secure Shell;C:\\xampp\\php;'
    'SystemRoot' => 'C:\\Windows'
    'COMSPEC' => 'C:\\Windows\\system32\\cmd.exe'
    'PATHEXT' => '.COM;.EXE;.BAT;.CMD;.VBS;.VBE;.JS;.JSE;.WSF;.WSH;.MSC'
    'WINDIR' => 'C:\\Windows'
    'SERVER_SIGNATURE' => '<address>Apache/2.4.12 (Win32) OpenSSL/1.0.1m PHP/5.6.11 Server at localhost Port 80</address>
'
    'SERVER_SOFTWARE' => 'Apache/2.4.12 (Win32) OpenSSL/1.0.1m PHP/5.6.11'
    'SERVER_NAME' => 'localhost'
    'SERVER_ADDR' => '::1'
    'SERVER_PORT' => '80'
    'REMOTE_ADDR' => '::1'
    'DOCUMENT_ROOT' => 'C:/xampp/htdocs'
    'REQUEST_SCHEME' => 'http'
    'CONTEXT_PREFIX' => ''
    'CONTEXT_DOCUMENT_ROOT' => 'C:/xampp/htdocs'
    'SERVER_ADMIN' => 'postmaster@localhost'
    'SCRIPT_FILENAME' => 'C:/xampp/htdocs/mysite/web/index.php'
    'REMOTE_PORT' => '49558'
    'GATEWAY_INTERFACE' => 'CGI/1.1'
    'SERVER_PROTOCOL' => 'HTTP/1.1'
    'REQUEST_METHOD' => 'GET'
    'QUERY_STRING' => ''
    'REQUEST_URI' => '/mysite/web/'
    'SCRIPT_NAME' => '/mysite/web/index.php'
    'PHP_SELF' => '/mysite/web/index.php'
    'REQUEST_TIME_FLOAT' => 1438226368.48
    'REQUEST_TIME' => 1438226368
]
2015-07-30 09:52:54 [::1][-][-][error][yii\db\Exception] exception 'PDOException' with message 'SQLSTATE[HY000] [1130] Host '10.24.10.28' is not allowed to connect to this MySQL server' in C:\xampp\htdocs\iweb\vendor\yiisoft\yii2\db\Connection.php:579
Stack trace:
#0 C:\xampp\htdocs\iweb\vendor\yiisoft\yii2\db\Connection.php(579): PDO->__construct('mysql:host=10.0...', 'www57', '1q2w3e4r', NULL)
#1 C:\xampp\htdocs\iweb\vendor\yiisoft\yii2\db\Connection.php(529): yii\db\Connection->createPdoInstance()
#2 C:\xampp\htdocs\iweb\vendor\yiisoft\yii2\db\Connection.php(836): yii\db\Connection->open()
#3 C:\xampp\htdocs\iweb\vendor\yiisoft\yii2\db\Connection.php(823): yii\db\Connection->getMasterPdo()
#4 C:\xampp\htdocs\iweb\vendor\yiisoft\yii2\db\Command.php(206): yii\db\Connection->getSlavePdo()
#5 C:\xampp\htdocs\iweb\vendor\yiisoft\yii2\db\Command.php(819): yii\db\Command->prepare(true)
#6 C:\xampp\htdocs\iweb\vendor\yiisoft\yii2\db\Command.php(336): yii\db\Command->queryInternal('')
#7 C:\xampp\htdocs\iweb\models\Menus.php(200): yii\db\Command->query()
#8 C:\xampp\htdocs\iweb\views\layouts\main.php(74): app\models\Menus->listMenus(0, 0, 7)
#9 C:\xampp\htdocs\iweb\vendor\yiisoft\yii2\base\View.php(325): require('C:\\xampp\\htdocs...')
#10 C:\xampp\htdocs\iweb\vendor\yiisoft\yii2\base\View.php(247): yii\base\View->renderPhpFile('C:\\xampp\\htdocs...', Array)
#11 C:\xampp\htdocs\iweb\vendor\yiisoft\yii2\base\Controller.php(386): yii\base\View->renderFile('C:\\xampp\\htdocs...', Array, Object(app\controllers\SiteController))
#12 C:\xampp\htdocs\iweb\vendor\yiisoft\yii2\base\Controller.php(372): yii\base\Controller->renderContent('<div class="sit...')
#13 C:\xampp\htdocs\iweb\controllers\SiteController.php(52): yii\base\Controller->render('index')
#14 [internal function]: app\controllers\SiteController->actionIndex()
#15 C:\xampp\htdocs\iweb\vendor\yiisoft\yii2\base\InlineAction.php(55): call_user_func_array(Array, Array)
#16 C:\xampp\htdocs\iweb\vendor\yiisoft\yii2\base\Controller.php(151): yii\base\InlineAction->runWithParams(Array)
#17 C:\xampp\htdocs\iweb\vendor\yiisoft\yii2\base\Module.php(455): yii\base\Controller->runAction('', Array)
#18 C:\xampp\htdocs\iweb\vendor\yiisoft\yii2\web\Application.php(84): yii\base\Module->runAction('', Array)
#19 C:\xampp\htdocs\iweb\vendor\yiisoft\yii2\base\Application.php(375): yii\web\Application->handleRequest(Object(yii\web\Request))
#20 C:\xampp\htdocs\iweb\web\index.php(12): yii\base\Application->run()
#21 {main}

Next exception 'yii\db\Exception' with message 'SQLSTATE[HY000] [1130] Host '10.24.10.28' is not allowed to connect to this MySQL server' in C:\xampp\htdocs\iweb\vendor\yiisoft\yii2\db\Connection.php:534
Stack trace:
#0 C:\xampp\htdocs\iweb\vendor\yiisoft\yii2\db\Connection.php(836): yii\db\Connection->open()
#1 C:\xampp\htdocs\iweb\vendor\yiisoft\yii2\db\Connection.php(823): yii\db\Connection->getMasterPdo()
#2 C:\xampp\htdocs\iweb\vendor\yiisoft\yii2\db\Command.php(206): yii\db\Connection->getSlavePdo()
#3 C:\xampp\htdocs\iweb\vendor\yiisoft\yii2\db\Command.php(819): yii\db\Command->prepare(true)
#4 C:\xampp\htdocs\iweb\vendor\yiisoft\yii2\db\Command.php(336): yii\db\Command->queryInternal('')
#5 C:\xampp\htdocs\iweb\models\Menus.php(200): yii\db\Command->query()
#6 C:\xampp\htdocs\iweb\views\layouts\main.php(74): app\models\Menus->listMenus(0, 0, 7)
#7 C:\xampp\htdocs\iweb\vendor\yiisoft\yii2\base\View.php(325): require('C:\\xampp\\htdocs...')
#8 C:\xampp\htdocs\iweb\vendor\yiisoft\yii2\base\View.php(247): yii\base\View->renderPhpFile('C:\\xampp\\htdocs...', Array)
#9 C:\xampp\htdocs\iweb\vendor\yiisoft\yii2\base\Controller.php(386): yii\base\View->renderFile('C:\\xampp\\htdocs...', Array, Object(app\controllers\SiteController))
#10 C:\xampp\htdocs\iweb\vendor\yiisoft\yii2\base\Controller.php(372): yii\base\Controller->renderContent('<div class="sit...')
#11 C:\xampp\htdocs\iweb\controllers\SiteController.php(52): yii\base\Controller->render('index')
#12 [internal function]: app\controllers\SiteController->actionIndex()
#13 C:\xampp\htdocs\iweb\vendor\yiisoft\yii2\base\InlineAction.php(55): call_user_func_array(Array, Array)
#14 C:\xampp\htdocs\iweb\vendor\yiisoft\yii2\base\Controller.php(151): yii\base\InlineAction->runWithParams(Array)
#15 C:\xampp\htdocs\iweb\vendor\yiisoft\yii2\base\Module.php(455): yii\base\Controller->runAction('', Array)
#16 C:\xampp\htdocs\iweb\vendor\yiisoft\yii2\web\Application.php(84): yii\base\Module->runAction('', Array)
#17 C:\xampp\htdocs\iweb\vendor\yiisoft\yii2\base\Application.php(375): yii\web\Application->handleRequest(Object(yii\web\Request))
#18 C:\xampp\htdocs\iweb\web\index.php(12): yii\base\Application->run()
#19 {main}
Additional Information:

2015-07-30 09:52:51 [::1][-][-][info][application] $_COOKIE = [
    '_ga' => 'GA1.1.634536600.1438226305'
    '_gat' => '1'
]

$_SERVER = [
    'MIBDIRS' => 'C:/xampp/php/extras/mibs'
    'MYSQL_HOME' => '\\xampp\\mysql\\bin'
    'OPENSSL_CONF' => 'C:/xampp/apache/bin/openssl.cnf'
    'PHP_PEAR_SYSCONF_DIR' => '\\xampp\\php'
    'PHPRC' => '\\xampp\\php'
    'TMP' => '\\xampp\\tmp'
    'HTTP_HOST' => 'localhost'
    'HTTP_USER_AGENT' => 'Mozilla/5.0 (Windows NT 10.0; WOW64; rv:39.0) Gecko/20100101 Firefox/39.0'
    'HTTP_ACCEPT' => 'text/html,application/xhtml+xml,application/xml;q=0.9,*/*;q=0.8'
    'HTTP_ACCEPT_LANGUAGE' => 'en-US,en;q=0.5'
    'HTTP_ACCEPT_ENCODING' => 'gzip, deflate'
    'HTTP_REFERER' => 'http://localhost/iweb/'
    'HTTP_COOKIE' => '_ga=GA1.1.634536600.1438226305; _gat=1'
    'HTTP_CONNECTION' => 'keep-alive'
    'PATH' => 'C:\\ProgramData\\Oracle\\Java\\javapath;C:\\Windows\\system32;C:\\Windows;C:\\Windows\\System32\\Wbem;C:\\Windows\\System32\\WindowsPowerShell\\v1.0\\;C:\\Program Files (x86)\\ATI Technologies\\ATI.ACE\\Core-Static;C:\\Program Files (x86)\\SSH Communications Security\\SSH Secure Shell;C:\\xampp\\php;C:\\Program Files (x86)\\Git\\bin\\;'
    'SystemRoot' => 'C:\\Windows'
    'COMSPEC' => 'C:\\Windows\\system32\\cmd.exe'
    'PATHEXT' => '.COM;.EXE;.BAT;.CMD;.VBS;.VBE;.JS;.JSE;.WSF;.WSH;.MSC'
    'WINDIR' => 'C:\\Windows'
    'SERVER_SIGNATURE' => '<address>Apache/2.4.12 (Win32) OpenSSL/1.0.1m PHP/5.6.11 Server at localhost Port 80</address>
'
    'SERVER_SOFTWARE' => 'Apache/2.4.12 (Win32) OpenSSL/1.0.1m PHP/5.6.11'
    'SERVER_NAME' => 'localhost'
    'SERVER_ADDR' => '::1'
    'SERVER_PORT' => '80'
    'REMOTE_ADDR' => '::1'
    'DOCUMENT_ROOT' => 'C:/xampp/htdocs'
    'REQUEST_SCHEME' => 'http'
    'CONTEXT_PREFIX' => ''
    'CONTEXT_DOCUMENT_ROOT' => 'C:/xampp/htdocs'
    'SERVER_ADMIN' => 'postmaster@localhost'
    'SCRIPT_FILENAME' => 'C:/xampp/htdocs/iweb/web/index.php'
    'REMOTE_PORT' => '49919'
    'GATEWAY_INTERFACE' => 'CGI/1.1'
    'SERVER_PROTOCOL' => 'HTTP/1.1'
    'REQUEST_METHOD' => 'GET'
    'QUERY_STRING' => ''
    'REQUEST_URI' => '/iweb/web/'
    'SCRIPT_NAME' => '/iweb/web/index.php'
    'PHP_SELF' => '/iweb/web/index.php'
    'REQUEST_TIME_FLOAT' => 1438242771.795
    'REQUEST_TIME' => 1438242771
]
2015-07-30 09:55:31 [::1][-][-][error][yii\base\ErrorException:8] exception 'yii\base\ErrorException' with message 'Undefined index: article_id' in C:\xampp\htdocs\iweb\models\Menus.php:205
Stack trace:
#0 C:\xampp\htdocs\iweb\models\Menus.php(205): yii\base\ErrorHandler->handleError(8, 'Undefined index...', 'C:\\xampp\\htdocs...', 205, Array)
#1 C:\xampp\htdocs\iweb\views\layouts\main.php(74): app\models\Menus->listMenus(0, 0, 7)
#2 C:\xampp\htdocs\iweb\vendor\yiisoft\yii2\base\View.php(325): require('C:\\xampp\\htdocs...')
#3 C:\xampp\htdocs\iweb\vendor\yiisoft\yii2\base\View.php(247): yii\base\View->renderPhpFile('C:\\xampp\\htdocs...', Array)
#4 C:\xampp\htdocs\iweb\vendor\yiisoft\yii2\base\Controller.php(386): yii\base\View->renderFile('C:\\xampp\\htdocs...', Array, Object(app\controllers\SiteController))
#5 C:\xampp\htdocs\iweb\vendor\yiisoft\yii2\base\Controller.php(372): yii\base\Controller->renderContent('<div class="sit...')
#6 C:\xampp\htdocs\iweb\controllers\SiteController.php(52): yii\base\Controller->render('index')
#7 [internal function]: app\controllers\SiteController->actionIndex()
#8 C:\xampp\htdocs\iweb\vendor\yiisoft\yii2\base\InlineAction.php(55): call_user_func_array(Array, Array)
#9 C:\xampp\htdocs\iweb\vendor\yiisoft\yii2\base\Controller.php(151): yii\base\InlineAction->runWithParams(Array)
#10 C:\xampp\htdocs\iweb\vendor\yiisoft\yii2\base\Module.php(455): yii\base\Controller->runAction('', Array)
#11 C:\xampp\htdocs\iweb\vendor\yiisoft\yii2\web\Application.php(84): yii\base\Module->runAction('', Array)
#12 C:\xampp\htdocs\iweb\vendor\yiisoft\yii2\base\Application.php(375): yii\web\Application->handleRequest(Object(yii\web\Request))
#13 C:\xampp\htdocs\iweb\web\index.php(12): yii\base\Application->run()
#14 {main}
2015-07-30 09:55:31 [::1][-][-][info][application] $_COOKIE = [
    '_ga' => 'GA1.1.634536600.1438226305'
    '_gat' => '1'
    '_csrf' => '135f416d01de364b1f6edd4cc4ac97620d6b189ad8882622769b1eea073b7e12a:2:{i:0;s:5:\"_csrf\";i:1;s:32:\"sBq-KVTtPe7yv1IIFGrCPGu-RA2bu0h_\";}'
]

$_SERVER = [
    'MIBDIRS' => 'C:/xampp/php/extras/mibs'
    'MYSQL_HOME' => '\\xampp\\mysql\\bin'
    'OPENSSL_CONF' => 'C:/xampp/apache/bin/openssl.cnf'
    'PHP_PEAR_SYSCONF_DIR' => '\\xampp\\php'
    'PHPRC' => '\\xampp\\php'
    'TMP' => '\\xampp\\tmp'
    'HTTP_HOST' => 'localhost'
    'HTTP_USER_AGENT' => 'Mozilla/5.0 (Windows NT 10.0; WOW64; rv:39.0) Gecko/20100101 Firefox/39.0'
    'HTTP_ACCEPT' => 'text/html,application/xhtml+xml,application/xml;q=0.9,*/*;q=0.8'
    'HTTP_ACCEPT_LANGUAGE' => 'en-US,en;q=0.5'
    'HTTP_ACCEPT_ENCODING' => 'gzip, deflate'
    'HTTP_REFERER' => 'http://localhost/iweb/'
    'HTTP_COOKIE' => '_ga=GA1.1.634536600.1438226305; _gat=1; _csrf=135f416d01de364b1f6edd4cc4ac97620d6b189ad8882622769b1eea073b7e12a%3A2%3A%7Bi%3A0%3Bs%3A5%3A%22_csrf%22%3Bi%3A1%3Bs%3A32%3A%22sBq-KVTtPe7yv1IIFGrCPGu-RA2bu0h_%22%3B%7D'
    'HTTP_CONNECTION' => 'keep-alive'
    'HTTP_CACHE_CONTROL' => 'max-age=0'
    'PATH' => 'C:\\ProgramData\\Oracle\\Java\\javapath;C:\\Windows\\system32;C:\\Windows;C:\\Windows\\System32\\Wbem;C:\\Windows\\System32\\WindowsPowerShell\\v1.0\\;C:\\Program Files (x86)\\ATI Technologies\\ATI.ACE\\Core-Static;C:\\Program Files (x86)\\SSH Communications Security\\SSH Secure Shell;C:\\xampp\\php;C:\\Program Files (x86)\\Git\\bin\\;'
    'SystemRoot' => 'C:\\Windows'
    'COMSPEC' => 'C:\\Windows\\system32\\cmd.exe'
    'PATHEXT' => '.COM;.EXE;.BAT;.CMD;.VBS;.VBE;.JS;.JSE;.WSF;.WSH;.MSC'
    'WINDIR' => 'C:\\Windows'
    'SERVER_SIGNATURE' => '<address>Apache/2.4.12 (Win32) OpenSSL/1.0.1m PHP/5.6.11 Server at localhost Port 80</address>
'
    'SERVER_SOFTWARE' => 'Apache/2.4.12 (Win32) OpenSSL/1.0.1m PHP/5.6.11'
    'SERVER_NAME' => 'localhost'
    'SERVER_ADDR' => '::1'
    'SERVER_PORT' => '80'
    'REMOTE_ADDR' => '::1'
    'DOCUMENT_ROOT' => 'C:/xampp/htdocs'
    'REQUEST_SCHEME' => 'http'
    'CONTEXT_PREFIX' => ''
    'CONTEXT_DOCUMENT_ROOT' => 'C:/xampp/htdocs'
    'SERVER_ADMIN' => 'postmaster@localhost'
    'SCRIPT_FILENAME' => 'C:/xampp/htdocs/iweb/web/index.php'
    'REMOTE_PORT' => '49937'
    'GATEWAY_INTERFACE' => 'CGI/1.1'
    'SERVER_PROTOCOL' => 'HTTP/1.1'
    'REQUEST_METHOD' => 'GET'
    'QUERY_STRING' => ''
    'REQUEST_URI' => '/iweb/web/'
    'SCRIPT_NAME' => '/iweb/web/index.php'
    'PHP_SELF' => '/iweb/web/index.php'
    'REQUEST_TIME_FLOAT' => 1438242931.708
    'REQUEST_TIME' => 1438242931
]
2015-07-30 09:55:35 [::1][-][-][error][yii\base\ErrorException:8] exception 'yii\base\ErrorException' with message 'Undefined index: article_id' in C:\xampp\htdocs\iweb\models\Menus.php:205
Stack trace:
#0 C:\xampp\htdocs\iweb\models\Menus.php(205): yii\base\ErrorHandler->handleError(8, 'Undefined index...', 'C:\\xampp\\htdocs...', 205, Array)
#1 C:\xampp\htdocs\iweb\views\layouts\main.php(74): app\models\Menus->listMenus(0, 0, 7)
#2 C:\xampp\htdocs\iweb\vendor\yiisoft\yii2\base\View.php(325): require('C:\\xampp\\htdocs...')
#3 C:\xampp\htdocs\iweb\vendor\yiisoft\yii2\base\View.php(247): yii\base\View->renderPhpFile('C:\\xampp\\htdocs...', Array)
#4 C:\xampp\htdocs\iweb\vendor\yiisoft\yii2\base\Controller.php(386): yii\base\View->renderFile('C:\\xampp\\htdocs...', Array, Object(app\controllers\SiteController))
#5 C:\xampp\htdocs\iweb\vendor\yiisoft\yii2\base\Controller.php(372): yii\base\Controller->renderContent('<div class="sit...')
#6 C:\xampp\htdocs\iweb\controllers\SiteController.php(52): yii\base\Controller->render('index')
#7 [internal function]: app\controllers\SiteController->actionIndex()
#8 C:\xampp\htdocs\iweb\vendor\yiisoft\yii2\base\InlineAction.php(55): call_user_func_array(Array, Array)
#9 C:\xampp\htdocs\iweb\vendor\yiisoft\yii2\base\Controller.php(151): yii\base\InlineAction->runWithParams(Array)
#10 C:\xampp\htdocs\iweb\vendor\yiisoft\yii2\base\Module.php(455): yii\base\Controller->runAction('', Array)
#11 C:\xampp\htdocs\iweb\vendor\yiisoft\yii2\web\Application.php(84): yii\base\Module->runAction('', Array)
#12 C:\xampp\htdocs\iweb\vendor\yiisoft\yii2\base\Application.php(375): yii\web\Application->handleRequest(Object(yii\web\Request))
#13 C:\xampp\htdocs\iweb\web\index.php(12): yii\base\Application->run()
#14 {main}
2015-07-30 09:55:35 [::1][-][-][info][application] $_COOKIE = [
    '_ga' => 'GA1.1.634536600.1438226305'
    '_gat' => '1'
    '_csrf' => '135f416d01de364b1f6edd4cc4ac97620d6b189ad8882622769b1eea073b7e12a:2:{i:0;s:5:\"_csrf\";i:1;s:32:\"sBq-KVTtPe7yv1IIFGrCPGu-RA2bu0h_\";}'
]

$_SERVER = [
    'MIBDIRS' => 'C:/xampp/php/extras/mibs'
    'MYSQL_HOME' => '\\xampp\\mysql\\bin'
    'OPENSSL_CONF' => 'C:/xampp/apache/bin/openssl.cnf'
    'PHP_PEAR_SYSCONF_DIR' => '\\xampp\\php'
    'PHPRC' => '\\xampp\\php'
    'TMP' => '\\xampp\\tmp'
    'HTTP_HOST' => 'localhost'
    'HTTP_USER_AGENT' => 'Mozilla/5.0 (Windows NT 10.0; WOW64; rv:39.0) Gecko/20100101 Firefox/39.0'
    'HTTP_ACCEPT' => 'text/html,application/xhtml+xml,application/xml;q=0.9,*/*;q=0.8'
    'HTTP_ACCEPT_LANGUAGE' => 'en-US,en;q=0.5'
    'HTTP_ACCEPT_ENCODING' => 'gzip, deflate'
    'HTTP_REFERER' => 'http://localhost/iweb/'
    'HTTP_COOKIE' => '_ga=GA1.1.634536600.1438226305; _gat=1; _csrf=135f416d01de364b1f6edd4cc4ac97620d6b189ad8882622769b1eea073b7e12a%3A2%3A%7Bi%3A0%3Bs%3A5%3A%22_csrf%22%3Bi%3A1%3Bs%3A32%3A%22sBq-KVTtPe7yv1IIFGrCPGu-RA2bu0h_%22%3B%7D'
    'HTTP_CONNECTION' => 'keep-alive'
    'HTTP_CACHE_CONTROL' => 'max-age=0'
    'PATH' => 'C:\\ProgramData\\Oracle\\Java\\javapath;C:\\Windows\\system32;C:\\Windows;C:\\Windows\\System32\\Wbem;C:\\Windows\\System32\\WindowsPowerShell\\v1.0\\;C:\\Program Files (x86)\\ATI Technologies\\ATI.ACE\\Core-Static;C:\\Program Files (x86)\\SSH Communications Security\\SSH Secure Shell;C:\\xampp\\php;C:\\Program Files (x86)\\Git\\bin\\;'
    'SystemRoot' => 'C:\\Windows'
    'COMSPEC' => 'C:\\Windows\\system32\\cmd.exe'
    'PATHEXT' => '.COM;.EXE;.BAT;.CMD;.VBS;.VBE;.JS;.JSE;.WSF;.WSH;.MSC'
    'WINDIR' => 'C:\\Windows'
    'SERVER_SIGNATURE' => '<address>Apache/2.4.12 (Win32) OpenSSL/1.0.1m PHP/5.6.11 Server at localhost Port 80</address>
'
    'SERVER_SOFTWARE' => 'Apache/2.4.12 (Win32) OpenSSL/1.0.1m PHP/5.6.11'
    'SERVER_NAME' => 'localhost'
    'SERVER_ADDR' => '::1'
    'SERVER_PORT' => '80'
    'REMOTE_ADDR' => '::1'
    'DOCUMENT_ROOT' => 'C:/xampp/htdocs'
    'REQUEST_SCHEME' => 'http'
    'CONTEXT_PREFIX' => ''
    'CONTEXT_DOCUMENT_ROOT' => 'C:/xampp/htdocs'
    'SERVER_ADMIN' => 'postmaster@localhost'
    'SCRIPT_FILENAME' => 'C:/xampp/htdocs/iweb/web/index.php'
    'REMOTE_PORT' => '49940'
    'GATEWAY_INTERFACE' => 'CGI/1.1'
    'SERVER_PROTOCOL' => 'HTTP/1.1'
    'REQUEST_METHOD' => 'GET'
    'QUERY_STRING' => ''
    'REQUEST_URI' => '/iweb/web/'
    'SCRIPT_NAME' => '/iweb/web/index.php'
    'PHP_SELF' => '/iweb/web/index.php'
    'REQUEST_TIME_FLOAT' => 1438242935.162
    'REQUEST_TIME' => 1438242935
]
